2023-11-12 12:39:37,814 INFO: Downloaded 1 package(s) in 0.8553 seconds
2023-11-12 12:39:37,815 INFO: Additional local package 'getcookies-1.12.3.tgz' has been copied successfully.
2023-11-12 12:39:37,817 INFO: Additional local package 'getcookies-1.12.1.tgz' has been copied successfully.
2023-11-12 12:39:37,818 INFO: Additional local package 'getcookies-1.12.2.tgz' has been copied successfully.
2023-11-12 12:39:37,916 INFO: Unpacked 4 package(s) in 0.0972 seconds
2023-11-12 12:39:51,512 INFO: Created database(s) for 4 package(s) in 13.5950 seconds
2023-11-12 12:41:37,981 INFO: Applied queries for 4 package(s) in 106.4689 seconds
2023-11-12 12:41:37,987 INFO: Saved result file of comparison of CodeQL sarif files to packages\getcookies\result_getcookies.txt
2023-11-15 11:04:16,940 INFO: Downloaded 0 package(s) in 0.0003 seconds
2023-11-15 11:04:16,940 INFO: Skipped 1 package(s) because they already exist.
2023-11-15 11:04:16,940 INFO: Additional local package is already existing at target.
2023-11-15 11:04:16,940 INFO: Additional local package is already existing at target.
2023-11-15 11:04:16,941 INFO: Additional local package is already existing at target.
2023-11-15 11:04:16,941 INFO: Unpacked 0 package(s) in 0.0003 seconds
2023-11-15 11:04:16,941 INFO: Skipped 4 package(s) because they already exist.
2023-11-15 11:04:16,942 INFO: Created database(s) for 0 package(s) in 0.0005 seconds
2023-11-15 11:04:16,942 INFO: Skipped 4 package(s) because database(s) already exist.
2023-11-15 11:04:16,943 INFO: Applied queries for 0 package(s) in 0.0007 seconds
2023-11-15 11:04:16,943 INFO: Skipped 4 package(s) because result file(s) already exist.
2023-11-15 11:04:16,949 INFO: Saved result file of comparison of CodeQL sarif files to packages\getcookies\result_getcookies.txt
2023-11-15 18:30:34,737 INFO: Downloaded 0 package(s) in 0.0003 seconds
2023-11-15 18:30:34,737 INFO: Skipped 1 package(s) because they already exist.
2023-11-15 18:30:34,737 INFO: Additional local package is already existing at target.
2023-11-15 18:30:34,738 INFO: Additional local package is already existing at target.
2023-11-15 18:30:34,738 INFO: Additional local package is already existing at target.
2023-11-15 18:30:34,738 INFO: Unpacked 0 package(s) in 0.0003 seconds
2023-11-15 18:30:34,738 INFO: Skipped 4 package(s) because they already exist.
2023-11-15 18:30:34,739 INFO: Created database(s) for 0 package(s) in 0.0005 seconds
2023-11-15 18:30:34,739 INFO: Skipped 4 package(s) because database(s) already exist.
2023-11-15 18:30:34,740 INFO: Applied queries for 0 package(s) in 0.0006 seconds
2023-11-15 18:30:34,740 INFO: Skipped 4 package(s) because result file(s) already exist.
2023-11-15 18:30:34,745 INFO: Saved result file of comparison of CodeQL sarif files to packages\getcookies\result_getcookies.txt
