2023-11-05 20:21:18,501 INFO: Downloaded 26 package(s) in 2.8216 seconds
2023-11-05 20:21:19,101 INFO: Unpacked 26 package(s) in 0.5992 seconds
2023-11-05 20:23:19,715 INFO: Created database(s) for 26 package(s) in 120.6133 seconds
2023-11-05 20:35:20,486 INFO: Applied queries for 26 package(s) in 720.7687 seconds
2023-11-05 20:35:20,510 INFO: Saved result file of comparison of CodeQL sarif files to packages\classnames\result_classnames.txt
2023-11-11 22:39:30,752 INFO: Downloaded 0 package(s) in 0.0040 seconds
2023-11-11 22:39:30,752 INFO: Skipped 26 package(s) because they already exist.
2023-11-11 22:39:30,755 INFO: Unpacked 0 package(s) in 0.0021 seconds
2023-11-11 22:39:30,755 INFO: Skipped 26 package(s) because they already exist.
2023-11-11 22:39:30,759 INFO: Created database(s) for 0 package(s) in 0.0039 seconds
2023-11-11 22:39:30,759 INFO: Skipped 26 package(s) because database(s) already exist.
2023-11-11 22:39:30,764 INFO: Applied queries for 0 package(s) in 0.0042 seconds
2023-11-11 22:39:30,764 INFO: Skipped 26 package(s) because result file(s) already exist.
2023-11-11 22:39:30,793 INFO: Saved result file of comparison of CodeQL sarif files to packages\classnames\result_classnames.txt
2023-11-12 19:55:54,738 INFO: Downloaded 0 package(s) in 0.0047 seconds
2023-11-12 19:55:54,738 INFO: Skipped 26 package(s) because they already exist.
2023-11-12 19:55:54,740 INFO: Unpacked 0 package(s) in 0.0014 seconds
2023-11-12 19:55:54,740 INFO: Skipped 26 package(s) because they already exist.
2023-11-12 19:55:54,744 INFO: Created database(s) for 0 package(s) in 0.0033 seconds
2023-11-12 19:55:54,744 INFO: Skipped 26 package(s) because database(s) already exist.
2023-11-12 19:55:54,748 INFO: Applied queries for 0 package(s) in 0.0053 seconds
2023-11-12 19:55:54,748 INFO: Skipped 26 package(s) because result file(s) already exist.
2023-11-12 19:55:54,778 INFO: Saved result file of comparison of CodeQL sarif files to packages\classnames\result_classnames.txt
2023-11-15 11:04:23,855 INFO: Downloaded 0 package(s) in 0.0022 seconds
2023-11-15 11:04:23,856 INFO: Skipped 26 package(s) because they already exist.
2023-11-15 11:04:23,858 INFO: Unpacked 0 package(s) in 0.0014 seconds
2023-11-15 11:04:23,858 INFO: Skipped 26 package(s) because they already exist.
2023-11-15 11:04:23,862 INFO: Created database(s) for 0 package(s) in 0.0044 seconds
2023-11-15 11:04:23,862 INFO: Skipped 26 package(s) because database(s) already exist.
2023-11-15 11:04:23,867 INFO: Applied queries for 0 package(s) in 0.0052 seconds
2023-11-15 11:04:23,867 INFO: Skipped 26 package(s) because result file(s) already exist.
2023-11-15 11:04:23,897 INFO: Saved result file of comparison of CodeQL sarif files to packages\classnames\result_classnames.txt
2023-11-15 18:30:40,044 INFO: Downloaded 0 package(s) in 0.0023 seconds
2023-11-15 18:30:40,045 INFO: Skipped 26 package(s) because they already exist.
2023-11-15 18:30:40,046 INFO: Unpacked 0 package(s) in 0.0015 seconds
2023-11-15 18:30:40,047 INFO: Skipped 26 package(s) because they already exist.
2023-11-15 18:30:40,050 INFO: Created database(s) for 0 package(s) in 0.0034 seconds
2023-11-15 18:30:40,050 INFO: Skipped 26 package(s) because database(s) already exist.
2023-11-15 18:30:40,054 INFO: Applied queries for 0 package(s) in 0.0036 seconds
2023-11-15 18:30:40,054 INFO: Skipped 26 package(s) because result file(s) already exist.
2023-11-15 18:30:40,083 INFO: Saved result file of comparison of CodeQL sarif files to packages\classnames\result_classnames.txt
