2023-11-12 12:26:53,682 INFO: Downloaded 19 package(s) in 5.9899 seconds
2023-11-12 12:26:53,683 INFO: Additional local package 'eslint-scope-3.7.2.tgz' has been copied successfully.
2023-11-12 12:26:54,228 INFO: Unpacked 20 package(s) in 0.5441 seconds
2023-11-12 12:28:19,401 INFO: Created database(s) for 20 package(s) in 85.1723 seconds
2023-11-12 12:37:27,372 INFO: Applied queries for 20 package(s) in 547.9689 seconds
2023-11-12 12:37:27,396 INFO: Saved result file of comparison of CodeQL sarif files to packages\eslint-scope\result_eslint-scope.txt
2023-11-15 11:04:14,799 INFO: Downloaded 0 package(s) in 0.0024 seconds
2023-11-15 11:04:14,799 INFO: Skipped 19 package(s) because they already exist.
2023-11-15 11:04:14,799 INFO: Additional local package is already existing at target.
2023-11-15 11:04:14,801 INFO: Unpacked 0 package(s) in 0.0012 seconds
2023-11-15 11:04:14,801 INFO: Skipped 20 package(s) because they already exist.
2023-11-15 11:04:14,804 INFO: Created database(s) for 0 package(s) in 0.0027 seconds
2023-11-15 11:04:14,804 INFO: Skipped 20 package(s) because database(s) already exist.
2023-11-15 11:04:14,807 INFO: Applied queries for 0 package(s) in 0.0031 seconds
2023-11-15 11:04:14,807 INFO: Skipped 20 package(s) because result file(s) already exist.
2023-11-15 11:04:14,834 INFO: Saved result file of comparison of CodeQL sarif files to packages\eslint-scope\result_eslint-scope.txt
2023-11-15 18:30:33,050 INFO: Downloaded 0 package(s) in 0.0019 seconds
2023-11-15 18:30:33,050 INFO: Skipped 19 package(s) because they already exist.
2023-11-15 18:30:33,051 INFO: Additional local package is already existing at target.
2023-11-15 18:30:33,052 INFO: Unpacked 0 package(s) in 0.0012 seconds
2023-11-15 18:30:33,052 INFO: Skipped 20 package(s) because they already exist.
2023-11-15 18:30:33,055 INFO: Created database(s) for 0 package(s) in 0.0026 seconds
2023-11-15 18:30:33,055 INFO: Skipped 20 package(s) because database(s) already exist.
2023-11-15 18:30:33,058 INFO: Applied queries for 0 package(s) in 0.0028 seconds
2023-11-15 18:30:33,058 INFO: Skipped 20 package(s) because result file(s) already exist.
2023-11-15 18:30:33,085 INFO: Saved result file of comparison of CodeQL sarif files to packages\eslint-scope\result_eslint-scope.txt
