2023-11-12 09:02:53,841 INFO: Downloaded 100 package(s) in 78.2382 seconds
2023-11-12 09:02:53,844 INFO: Additional local package 'conventional-changelog-1.2.0.tgz' has been copied successfully.
2023-11-12 09:02:56,815 INFO: Unpacked 101 package(s) in 2.9696 seconds
2023-11-12 09:10:00,110 INFO: Created database(s) for 101 package(s) in 423.2940 seconds
2023-11-12 09:55:37,886 INFO: Applied queries for 101 package(s) in 2737.7751 seconds
2023-11-12 09:55:38,079 INFO: Saved result file of comparison of CodeQL sarif files to packages\conventional-changelog\result_conventional-changelog.txt
2023-11-15 11:03:28,210 INFO: Downloaded 0 package(s) in 0.0111 seconds
2023-11-15 11:03:28,210 INFO: Skipped 100 package(s) because they already exist.
2023-11-15 11:03:28,210 INFO: Additional local package is already existing at target.
2023-11-15 11:03:28,215 INFO: Unpacked 0 package(s) in 0.0045 seconds
2023-11-15 11:03:28,215 INFO: Skipped 101 package(s) because they already exist.
2023-11-15 11:03:28,230 INFO: Created database(s) for 0 package(s) in 0.0142 seconds
2023-11-15 11:03:28,230 INFO: Skipped 101 package(s) because database(s) already exist.
2023-11-15 11:03:28,250 INFO: Applied queries for 0 package(s) in 0.0201 seconds
2023-11-15 11:03:28,250 INFO: Skipped 101 package(s) because result file(s) already exist.
2023-11-15 11:03:28,475 INFO: Saved result file of comparison of CodeQL sarif files to packages\conventional-changelog\result_conventional-changelog.txt
2023-11-15 18:30:28,403 INFO: Downloaded 0 package(s) in 0.0087 seconds
2023-11-15 18:30:28,403 INFO: Skipped 100 package(s) because they already exist.
2023-11-15 18:30:28,403 INFO: Additional local package is already existing at target.
2023-11-15 18:30:28,409 INFO: Unpacked 0 package(s) in 0.0057 seconds
2023-11-15 18:30:28,409 INFO: Skipped 101 package(s) because they already exist.
2023-11-15 18:30:28,425 INFO: Created database(s) for 0 package(s) in 0.0154 seconds
2023-11-15 18:30:28,425 INFO: Skipped 101 package(s) because database(s) already exist.
2023-11-15 18:30:28,444 INFO: Applied queries for 0 package(s) in 0.0195 seconds
2023-11-15 18:30:28,445 INFO: Skipped 101 package(s) because result file(s) already exist.
2023-11-15 18:30:28,670 INFO: Saved result file of comparison of CodeQL sarif files to packages\conventional-changelog\result_conventional-changelog.txt
