2023-11-12 18:07:19,114 INFO: Downloaded 26 package(s) in 10.9132 seconds
2023-11-12 18:07:19,213 ERROR: Unpacking for file "colors-0.6.0-1.tgz" failed: Command '['7z', 'e', 'packages\\colors\\tgz\\colors-0.6.0-1.tgz', '-y', '-opackages\\colors\\tgz\\colors-0.6.0-1']' returned non-zero exit status 2.
2023-11-12 18:07:19,223 ERROR: Unpacking for file "colors-0.6.0.tgz" failed: Command '['7z', 'e', 'packages\\colors\\tgz\\colors-0.6.0.tgz', '-y', '-opackages\\colors\\tgz\\colors-0.6.0']' returned non-zero exit status 2.
2023-11-12 18:07:19,855 INFO: Unpacked 24 package(s) in 0.7394 seconds
2023-11-12 18:09:02,789 INFO: Created database(s) for 24 package(s) in 102.9327 seconds
2023-11-12 18:19:56,840 INFO: Applied queries for 24 package(s) in 654.0505 seconds
2023-11-12 18:19:56,868 INFO: Saved result file of comparison of CodeQL sarif files to packages\colors\result_colors.txt
2023-11-15 11:04:23,027 INFO: Downloaded 0 package(s) in 0.0036 seconds
2023-11-15 11:04:23,027 INFO: Skipped 26 package(s) because they already exist.
2023-11-15 11:04:23,040 ERROR: Unpacking for file "colors-0.6.0-1.tgz" failed: Command '['7z', 'e', 'packages\\colors\\tgz\\colors-0.6.0-1.tgz', '-y', '-opackages\\colors\\tgz\\colors-0.6.0-1']' returned non-zero exit status 2.
2023-11-15 11:04:23,053 ERROR: Unpacking for file "colors-0.6.0.tgz" failed: Command '['7z', 'e', 'packages\\colors\\tgz\\colors-0.6.0.tgz', '-y', '-opackages\\colors\\tgz\\colors-0.6.0']' returned non-zero exit status 2.
2023-11-15 11:04:23,054 INFO: Unpacked 0 package(s) in 0.0269 seconds
2023-11-15 11:04:23,054 INFO: Skipped 24 package(s) because they already exist.
2023-11-15 11:04:23,058 INFO: Created database(s) for 0 package(s) in 0.0032 seconds
2023-11-15 11:04:23,058 INFO: Skipped 24 package(s) because database(s) already exist.
2023-11-15 11:04:23,062 INFO: Applied queries for 0 package(s) in 0.0036 seconds
2023-11-15 11:04:23,062 INFO: Skipped 24 package(s) because result file(s) already exist.
2023-11-15 11:04:23,093 INFO: Saved result file of comparison of CodeQL sarif files to packages\colors\result_colors.txt
2023-11-15 18:30:39,191 INFO: Downloaded 0 package(s) in 0.0020 seconds
2023-11-15 18:30:39,192 INFO: Skipped 26 package(s) because they already exist.
2023-11-15 18:30:39,205 ERROR: Unpacking for file "colors-0.6.0-1.tgz" failed: Command '['7z', 'e', 'packages\\colors\\tgz\\colors-0.6.0-1.tgz', '-y', '-opackages\\colors\\tgz\\colors-0.6.0-1']' returned non-zero exit status 2.
2023-11-15 18:30:39,217 ERROR: Unpacking for file "colors-0.6.0.tgz" failed: Command '['7z', 'e', 'packages\\colors\\tgz\\colors-0.6.0.tgz', '-y', '-opackages\\colors\\tgz\\colors-0.6.0']' returned non-zero exit status 2.
2023-11-15 18:30:39,219 INFO: Unpacked 0 package(s) in 0.0268 seconds
2023-11-15 18:30:39,219 INFO: Skipped 24 package(s) because they already exist.
2023-11-15 18:30:39,222 INFO: Created database(s) for 0 package(s) in 0.0028 seconds
2023-11-15 18:30:39,222 INFO: Skipped 24 package(s) because database(s) already exist.
2023-11-15 18:30:39,225 INFO: Applied queries for 0 package(s) in 0.0031 seconds
2023-11-15 18:30:39,225 INFO: Skipped 24 package(s) because result file(s) already exist.
2023-11-15 18:30:39,262 INFO: Saved result file of comparison of CodeQL sarif files to packages\colors\result_colors.txt
2023-11-16 20:26:43,293 INFO: Downloaded 0 package(s) in 0.0043 seconds
2023-11-16 20:26:43,293 INFO: Skipped 26 package(s) because they already exist.
2023-11-16 20:26:43,306 ERROR: Unpacking for file "colors-0.6.0-1.tgz" failed: Command '['7z', 'e', 'packages\\colors\\tgz\\colors-0.6.0-1.tgz', '-y', '-opackages\\colors\\tgz\\colors-0.6.0-1']' returned non-zero exit status 2.
2023-11-16 20:26:43,318 ERROR: Unpacking for file "colors-0.6.0.tgz" failed: Command '['7z', 'e', 'packages\\colors\\tgz\\colors-0.6.0.tgz', '-y', '-opackages\\colors\\tgz\\colors-0.6.0']' returned non-zero exit status 2.
2023-11-16 20:26:43,321 INFO: Unpacked 0 package(s) in 0.0272 seconds
2023-11-16 20:26:43,321 INFO: Skipped 24 package(s) because they already exist.
2023-11-16 20:26:43,324 INFO: Created database(s) for 0 package(s) in 0.0036 seconds
2023-11-16 20:26:43,325 INFO: Skipped 24 package(s) because database(s) already exist.
2023-11-16 20:26:43,328 INFO: Applied queries for 0 package(s) in 0.0029 seconds
2023-11-16 20:26:43,328 INFO: Skipped 24 package(s) because result file(s) already exist.
2023-11-16 20:26:43,350 INFO: Saved result file of comparison of CodeQL sarif files to packages\colors\result_colors.txt
2023-11-16 22:26:19,624 INFO: Downloaded 0 package(s) in 0.0020 seconds
2023-11-16 22:26:19,624 INFO: Skipped 26 package(s) because they already exist.
2023-11-16 22:26:19,638 ERROR: Unpacking for file "colors-0.6.0-1.tgz" failed: Command '['7z', 'e', 'packages\\colors\\tgz\\colors-0.6.0-1.tgz', '-y', '-opackages\\colors\\tgz\\colors-0.6.0-1']' returned non-zero exit status 2.
2023-11-16 22:26:19,650 ERROR: Unpacking for file "colors-0.6.0.tgz" failed: Command '['7z', 'e', 'packages\\colors\\tgz\\colors-0.6.0.tgz', '-y', '-opackages\\colors\\tgz\\colors-0.6.0']' returned non-zero exit status 2.
2023-11-16 22:26:19,651 INFO: Unpacked 0 package(s) in 0.0261 seconds
2023-11-16 22:26:19,651 INFO: Skipped 24 package(s) because they already exist.
2023-11-16 22:26:19,654 INFO: Created database(s) for 0 package(s) in 0.0027 seconds
2023-11-16 22:26:19,654 INFO: Skipped 24 package(s) because database(s) already exist.
2023-11-16 22:26:19,657 INFO: Applied queries for 0 package(s) in 0.0028 seconds
2023-11-16 22:26:19,657 INFO: Skipped 24 package(s) because result file(s) already exist.
2023-11-16 22:26:19,680 INFO: Saved result file of comparison of CodeQL sarif files to packages\colors\result_colors.txt
2023-11-16 22:30:22,358 INFO: Downloaded 0 package(s) in 0.0025 seconds
2023-11-16 22:30:22,359 INFO: Skipped 26 package(s) because they already exist.
2023-11-16 22:30:22,372 ERROR: Unpacking for file "colors-0.6.0-1.tgz" failed: Command '['7z', 'e', 'packages\\colors\\tgz\\colors-0.6.0-1.tgz', '-y', '-opackages\\colors\\tgz\\colors-0.6.0-1']' returned non-zero exit status 2.
2023-11-16 22:30:22,383 ERROR: Unpacking for file "colors-0.6.0.tgz" failed: Command '['7z', 'e', 'packages\\colors\\tgz\\colors-0.6.0.tgz', '-y', '-opackages\\colors\\tgz\\colors-0.6.0']' returned non-zero exit status 2.
2023-11-16 22:30:22,385 INFO: Unpacked 0 package(s) in 0.0249 seconds
2023-11-16 22:30:22,385 INFO: Skipped 24 package(s) because they already exist.
2023-11-16 22:30:22,386 INFO: Created database(s) for 0 package(s) in 0.0026 seconds
2023-11-16 22:30:22,386 INFO: Skipped 24 package(s) because database(s) already exist.
2023-11-16 22:30:22,389 INFO: Applied queries for 0 package(s) in 0.0028 seconds
2023-11-16 22:30:22,389 INFO: Skipped 24 package(s) because result file(s) already exist.
2023-11-16 22:30:22,412 INFO: Saved result file of comparison of CodeQL sarif files to packages\colors\result_colors.txt
