2023-11-16 19:47:12,798 INFO: Downloaded 29 package(s) in 17.5161 seconds
2023-11-16 19:47:12,800 INFO: Additional local package 'coa-2.0.3.tgz' has been copied successfully.
2023-11-16 19:47:12,800 INFO: Additional local package 'coa-2.0.4.tgz' has been copied successfully.
2023-11-16 19:47:13,066 ERROR: Unpacking for file "coa-0.1.0.tgz" failed: Command '['7z', 'x', 'packages\\coa\\tgz\\coa-0.1.0\\coa-0.1.0.tar', '-y', '-opackages\\coa\\unpacked\\coa-0.1.0']' returned non-zero exit status 2.
2023-11-16 19:47:13,174 ERROR: Unpacking for file "coa-0.1.1.tgz" failed: Command '['7z', 'x', 'packages\\coa\\tgz\\coa-0.1.1\\coa-0.1.1.tar', '-y', '-opackages\\coa\\unpacked\\coa-0.1.1']' returned non-zero exit status 2.
2023-11-16 19:47:13,187 ERROR: Unpacking for file "coa-0.2.0.tgz" failed: Command '['7z', 'e', 'packages\\coa\\tgz\\coa-0.2.0.tgz', '-y', '-opackages\\coa\\tgz\\coa-0.2.0']' returned non-zero exit status 2.
2023-11-16 19:47:13,199 ERROR: Unpacking for file "coa-0.2.1.tgz" failed: Command '['7z', 'e', 'packages\\coa\\tgz\\coa-0.2.1.tgz', '-y', '-opackages\\coa\\tgz\\coa-0.2.1']' returned non-zero exit status 2.
2023-11-16 19:47:13,211 ERROR: Unpacking for file "coa-0.3.0.tgz" failed: Command '['7z', 'e', 'packages\\coa\\tgz\\coa-0.3.0.tgz', '-y', '-opackages\\coa\\tgz\\coa-0.3.0']' returned non-zero exit status 2.
2023-11-16 19:47:13,222 ERROR: Unpacking for file "coa-0.3.1.tgz" failed: Command '['7z', 'e', 'packages\\coa\\tgz\\coa-0.3.1.tgz', '-y', '-opackages\\coa\\tgz\\coa-0.3.1']' returned non-zero exit status 2.
2023-11-16 19:47:13,234 ERROR: Unpacking for file "coa-0.3.2.tgz" failed: Command '['7z', 'e', 'packages\\coa\\tgz\\coa-0.3.2.tgz', '-y', '-opackages\\coa\\tgz\\coa-0.3.2']' returned non-zero exit status 2.
2023-11-16 19:47:13,885 INFO: Unpacked 24 package(s) in 1.0828 seconds
2023-11-16 19:49:07,433 INFO: Created database(s) for 26 package(s) in 113.5476 seconds
2023-11-16 20:01:02,098 INFO: Applied queries for 26 package(s) in 716.5156 seconds
2023-11-16 20:01:02,128 INFO: Saved result file of comparison of CodeQL sarif files to packages\coa\result_coa.txt
2023-11-16 22:26:05,727 INFO: Downloaded 0 package(s) in 0.0020 seconds
2023-11-16 22:26:05,727 INFO: Skipped 29 package(s) because they already exist.
2023-11-16 22:26:05,728 INFO: Additional local package is already existing at target.
2023-11-16 22:26:05,728 INFO: Additional local package is already existing at target.
2023-11-16 22:26:05,743 ERROR: Unpacking for file "coa-0.2.0.tgz" failed: Command '['7z', 'e', 'packages\\coa\\tgz\\coa-0.2.0.tgz', '-y', '-opackages\\coa\\tgz\\coa-0.2.0']' returned non-zero exit status 2.
2023-11-16 22:26:05,756 ERROR: Unpacking for file "coa-0.2.1.tgz" failed: Command '['7z', 'e', 'packages\\coa\\tgz\\coa-0.2.1.tgz', '-y', '-opackages\\coa\\tgz\\coa-0.2.1']' returned non-zero exit status 2.
2023-11-16 22:26:05,768 ERROR: Unpacking for file "coa-0.3.0.tgz" failed: Command '['7z', 'e', 'packages\\coa\\tgz\\coa-0.3.0.tgz', '-y', '-opackages\\coa\\tgz\\coa-0.3.0']' returned non-zero exit status 2.
2023-11-16 22:26:05,779 ERROR: Unpacking for file "coa-0.3.1.tgz" failed: Command '['7z', 'e', 'packages\\coa\\tgz\\coa-0.3.1.tgz', '-y', '-opackages\\coa\\tgz\\coa-0.3.1']' returned non-zero exit status 2.
2023-11-16 22:26:05,792 ERROR: Unpacking for file "coa-0.3.2.tgz" failed: Command '['7z', 'e', 'packages\\coa\\tgz\\coa-0.3.2.tgz', '-y', '-opackages\\coa\\tgz\\coa-0.3.2']' returned non-zero exit status 2.
2023-11-16 22:26:05,793 INFO: Unpacked 0 package(s) in 0.0647 seconds
2023-11-16 22:26:05,793 INFO: Skipped 26 package(s) because they already exist.
2023-11-16 22:26:05,796 INFO: Created database(s) for 0 package(s) in 0.0026 seconds
2023-11-16 22:26:05,796 INFO: Skipped 26 package(s) because database(s) already exist.
2023-11-16 22:26:05,799 INFO: Applied queries for 0 package(s) in 0.0032 seconds
2023-11-16 22:26:05,799 INFO: Skipped 26 package(s) because result file(s) already exist.
2023-11-16 22:26:05,832 INFO: Saved result file of comparison of CodeQL sarif files to packages\coa\result_coa.txt
2023-11-16 22:30:09,774 INFO: Downloaded 0 package(s) in 0.0020 seconds
2023-11-16 22:30:09,774 INFO: Skipped 29 package(s) because they already exist.
2023-11-16 22:30:09,775 INFO: Additional local package is already existing at target.
2023-11-16 22:30:09,775 INFO: Additional local package is already existing at target.
2023-11-16 22:30:09,788 ERROR: Unpacking for file "coa-0.2.0.tgz" failed: Command '['7z', 'e', 'packages\\coa\\tgz\\coa-0.2.0.tgz', '-y', '-opackages\\coa\\tgz\\coa-0.2.0']' returned non-zero exit status 2.
2023-11-16 22:30:09,799 ERROR: Unpacking for file "coa-0.2.1.tgz" failed: Command '['7z', 'e', 'packages\\coa\\tgz\\coa-0.2.1.tgz', '-y', '-opackages\\coa\\tgz\\coa-0.2.1']' returned non-zero exit status 2.
2023-11-16 22:30:09,811 ERROR: Unpacking for file "coa-0.3.0.tgz" failed: Command '['7z', 'e', 'packages\\coa\\tgz\\coa-0.3.0.tgz', '-y', '-opackages\\coa\\tgz\\coa-0.3.0']' returned non-zero exit status 2.
2023-11-16 22:30:09,823 ERROR: Unpacking for file "coa-0.3.1.tgz" failed: Command '['7z', 'e', 'packages\\coa\\tgz\\coa-0.3.1.tgz', '-y', '-opackages\\coa\\tgz\\coa-0.3.1']' returned non-zero exit status 2.
2023-11-16 22:30:09,835 ERROR: Unpacking for file "coa-0.3.2.tgz" failed: Command '['7z', 'e', 'packages\\coa\\tgz\\coa-0.3.2.tgz', '-y', '-opackages\\coa\\tgz\\coa-0.3.2']' returned non-zero exit status 2.
2023-11-16 22:30:09,836 INFO: Unpacked 0 package(s) in 0.0608 seconds
2023-11-16 22:30:09,836 INFO: Skipped 26 package(s) because they already exist.
2023-11-16 22:30:09,839 INFO: Created database(s) for 0 package(s) in 0.0027 seconds
2023-11-16 22:30:09,839 INFO: Skipped 26 package(s) because database(s) already exist.
2023-11-16 22:30:09,842 INFO: Applied queries for 0 package(s) in 0.0031 seconds
2023-11-16 22:30:09,842 INFO: Skipped 26 package(s) because result file(s) already exist.
2023-11-16 22:30:09,866 INFO: Saved result file of comparison of CodeQL sarif files to packages\coa\result_coa.txt
