2023-11-16 20:01:22,491 INFO: Downloaded 48 package(s) in 20.2277 seconds
2023-11-16 20:01:22,493 INFO: Additional local package 'rc-1.3.9.tgz' has been copied successfully.
2023-11-16 20:01:23,888 INFO: Unpacked 49 package(s) in 1.3951 seconds
2023-11-16 20:04:48,537 INFO: Created database(s) for 49 package(s) in 204.6470 seconds
2023-11-16 20:26:30,839 INFO: Applied queries for 49 package(s) in 1302.3009 seconds
2023-11-16 20:26:30,884 INFO: Saved result file of comparison of CodeQL sarif files to packages\rc\result_rc.txt
2023-11-16 22:26:06,650 INFO: Downloaded 0 package(s) in 0.0033 seconds
2023-11-16 22:26:06,650 INFO: Skipped 48 package(s) because they already exist.
2023-11-16 22:26:06,650 INFO: Additional local package is already existing at target.
2023-11-16 22:26:06,653 INFO: Unpacked 0 package(s) in 0.0026 seconds
2023-11-16 22:26:06,653 INFO: Skipped 49 package(s) because they already exist.
2023-11-16 22:26:06,660 INFO: Created database(s) for 0 package(s) in 0.0067 seconds
2023-11-16 22:26:06,660 INFO: Skipped 49 package(s) because database(s) already exist.
2023-11-16 22:26:06,667 INFO: Applied queries for 0 package(s) in 0.0061 seconds
2023-11-16 22:26:06,667 INFO: Skipped 49 package(s) because result file(s) already exist.
2023-11-16 22:26:06,707 INFO: Saved result file of comparison of CodeQL sarif files to packages\rc\result_rc.txt
2023-11-16 22:30:09,984 INFO: Downloaded 0 package(s) in 0.0033 seconds
2023-11-16 22:30:09,984 INFO: Skipped 48 package(s) because they already exist.
2023-11-16 22:30:09,984 INFO: Additional local package is already existing at target.
2023-11-16 22:30:09,987 INFO: Unpacked 0 package(s) in 0.0026 seconds
2023-11-16 22:30:09,987 INFO: Skipped 49 package(s) because they already exist.
2023-11-16 22:30:09,994 INFO: Created database(s) for 0 package(s) in 0.0066 seconds
2023-11-16 22:30:09,994 INFO: Skipped 49 package(s) because database(s) already exist.
2023-11-16 22:30:10,001 INFO: Applied queries for 0 package(s) in 0.0070 seconds
2023-11-16 22:30:10,001 INFO: Skipped 49 package(s) because result file(s) already exist.
2023-11-16 22:30:10,042 INFO: Saved result file of comparison of CodeQL sarif files to packages\rc\result_rc.txt
