2023-11-12 18:21:01,671 INFO: Downloaded 141 package(s) in 64.6316 seconds
2023-11-12 18:21:06,512 INFO: Unpacked 141 package(s) in 4.8403 seconds
2023-11-12 18:31:25,432 INFO: Created database(s) for 141 package(s) in 618.9177 seconds
2023-11-12 19:36:01,273 INFO: Applied queries for 141 package(s) in 3875.8399 seconds
2023-11-12 19:36:01,462 INFO: Saved result file of comparison of CodeQL sarif files to packages\inquirer\result_inquirer.txt
2023-11-15 11:04:23,232 INFO: Downloaded 0 package(s) in 0.0141 seconds
2023-11-15 11:04:23,232 INFO: Skipped 141 package(s) because they already exist.
2023-11-15 11:04:23,242 INFO: Unpacked 0 package(s) in 0.0091 seconds
2023-11-15 11:04:23,242 INFO: Skipped 141 package(s) because they already exist.
2023-11-15 11:04:23,310 INFO: Created database(s) for 0 package(s) in 0.0690 seconds
2023-11-15 11:04:23,310 INFO: Skipped 141 package(s) because database(s) already exist.
2023-11-15 11:04:23,334 INFO: Applied queries for 0 package(s) in 0.0233 seconds
2023-11-15 11:04:23,334 INFO: Skipped 141 package(s) because result file(s) already exist.
2023-11-15 11:04:23,560 INFO: Saved result file of comparison of CodeQL sarif files to packages\inquirer\result_inquirer.txt
2023-11-15 18:30:39,413 INFO: Downloaded 0 package(s) in 0.0102 seconds
2023-11-15 18:30:39,423 INFO: Skipped 141 package(s) because they already exist.
2023-11-15 18:30:39,432 INFO: Unpacked 0 package(s) in 0.0095 seconds
2023-11-15 18:30:39,432 INFO: Skipped 141 package(s) because they already exist.
2023-11-15 18:30:39,453 INFO: Created database(s) for 0 package(s) in 0.0203 seconds
2023-11-15 18:30:39,453 INFO: Skipped 141 package(s) because database(s) already exist.
2023-11-15 18:30:39,476 INFO: Applied queries for 0 package(s) in 0.0222 seconds
2023-11-15 18:30:39,476 INFO: Skipped 141 package(s) because result file(s) already exist.
2023-11-15 18:30:39,712 INFO: Saved result file of comparison of CodeQL sarif files to packages\inquirer\result_inquirer.txt
