2023-11-12 20:18:58,679 INFO: Downloaded 112 package(s) in 46.4598 seconds
2023-11-12 20:18:58,922 ERROR: Unpacking for file "commander-0.3.0.tgz" failed: Command '['7z', 'e', 'packages\\commander\\tgz\\commander-0.3.0.tgz', '-y', '-opackages\\commander\\tgz\\commander-0.3.0']' returned non-zero exit status 2.
2023-11-12 20:18:58,932 ERROR: Unpacking for file "commander-0.3.1.tgz" failed: Command '['7z', 'e', 'packages\\commander\\tgz\\commander-0.3.1.tgz', '-y', '-opackages\\commander\\tgz\\commander-0.3.1']' returned non-zero exit status 2.
2023-11-12 20:18:58,943 ERROR: Unpacking for file "commander-0.3.2.tgz" failed: Command '['7z', 'e', 'packages\\commander\\tgz\\commander-0.3.2.tgz', '-y', '-opackages\\commander\\tgz\\commander-0.3.2']' returned non-zero exit status 2.
2023-11-12 20:18:58,955 ERROR: Unpacking for file "commander-0.3.3.tgz" failed: Command '['7z', 'e', 'packages\\commander\\tgz\\commander-0.3.3.tgz', '-y', '-opackages\\commander\\tgz\\commander-0.3.3']' returned non-zero exit status 2.
2023-11-12 20:18:58,965 ERROR: Unpacking for file "commander-0.4.0.tgz" failed: Command '['7z', 'e', 'packages\\commander\\tgz\\commander-0.4.0.tgz', '-y', '-opackages\\commander\\tgz\\commander-0.4.0']' returned non-zero exit status 2.
2023-11-12 20:18:58,976 ERROR: Unpacking for file "commander-0.4.1.tgz" failed: Command '['7z', 'e', 'packages\\commander\\tgz\\commander-0.4.1.tgz', '-y', '-opackages\\commander\\tgz\\commander-0.4.1']' returned non-zero exit status 2.
2023-11-12 20:18:58,987 ERROR: Unpacking for file "commander-0.4.2.tgz" failed: Command '['7z', 'e', 'packages\\commander\\tgz\\commander-0.4.2.tgz', '-y', '-opackages\\commander\\tgz\\commander-0.4.2']' returned non-zero exit status 2.
2023-11-12 20:18:58,998 ERROR: Unpacking for file "commander-0.4.3.tgz" failed: Command '['7z', 'e', 'packages\\commander\\tgz\\commander-0.4.3.tgz', '-y', '-opackages\\commander\\tgz\\commander-0.4.3']' returned non-zero exit status 2.
2023-11-12 20:18:59,009 ERROR: Unpacking for file "commander-0.5.0.tgz" failed: Command '['7z', 'e', 'packages\\commander\\tgz\\commander-0.5.0.tgz', '-y', '-opackages\\commander\\tgz\\commander-0.5.0']' returned non-zero exit status 2.
2023-11-12 20:18:59,020 ERROR: Unpacking for file "commander-0.5.1.tgz" failed: Command '['7z', 'e', 'packages\\commander\\tgz\\commander-0.5.1.tgz', '-y', '-opackages\\commander\\tgz\\commander-0.5.1']' returned non-zero exit status 2.
2023-11-12 20:19:01,368 INFO: Unpacked 102 package(s) in 2.6863 seconds
2023-11-12 20:26:27,520 INFO: Created database(s) for 102 package(s) in 446.1517 seconds
2023-11-12 21:13:00,006 INFO: Applied queries for 102 package(s) in 2792.4842 seconds
2023-11-12 21:13:00,210 INFO: Saved result file of comparison of CodeQL sarif files to packages\commander\result_commander.txt
2023-11-15 11:04:24,242 INFO: Downloaded 0 package(s) in 0.0160 seconds
2023-11-15 11:04:24,243 INFO: Skipped 112 package(s) because they already exist.
2023-11-15 11:04:24,258 ERROR: Unpacking for file "commander-0.3.0.tgz" failed: Command '['7z', 'e', 'packages\\commander\\tgz\\commander-0.3.0.tgz', '-y', '-opackages\\commander\\tgz\\commander-0.3.0']' returned non-zero exit status 2.
2023-11-15 11:04:24,270 ERROR: Unpacking for file "commander-0.3.1.tgz" failed: Command '['7z', 'e', 'packages\\commander\\tgz\\commander-0.3.1.tgz', '-y', '-opackages\\commander\\tgz\\commander-0.3.1']' returned non-zero exit status 2.
2023-11-15 11:04:24,282 ERROR: Unpacking for file "commander-0.3.2.tgz" failed: Command '['7z', 'e', 'packages\\commander\\tgz\\commander-0.3.2.tgz', '-y', '-opackages\\commander\\tgz\\commander-0.3.2']' returned non-zero exit status 2.
2023-11-15 11:04:24,294 ERROR: Unpacking for file "commander-0.3.3.tgz" failed: Command '['7z', 'e', 'packages\\commander\\tgz\\commander-0.3.3.tgz', '-y', '-opackages\\commander\\tgz\\commander-0.3.3']' returned non-zero exit status 2.
2023-11-15 11:04:24,307 ERROR: Unpacking for file "commander-0.4.0.tgz" failed: Command '['7z', 'e', 'packages\\commander\\tgz\\commander-0.4.0.tgz', '-y', '-opackages\\commander\\tgz\\commander-0.4.0']' returned non-zero exit status 2.
2023-11-15 11:04:24,319 ERROR: Unpacking for file "commander-0.4.1.tgz" failed: Command '['7z', 'e', 'packages\\commander\\tgz\\commander-0.4.1.tgz', '-y', '-opackages\\commander\\tgz\\commander-0.4.1']' returned non-zero exit status 2.
2023-11-15 11:04:24,331 ERROR: Unpacking for file "commander-0.4.2.tgz" failed: Command '['7z', 'e', 'packages\\commander\\tgz\\commander-0.4.2.tgz', '-y', '-opackages\\commander\\tgz\\commander-0.4.2']' returned non-zero exit status 2.
2023-11-15 11:04:24,343 ERROR: Unpacking for file "commander-0.4.3.tgz" failed: Command '['7z', 'e', 'packages\\commander\\tgz\\commander-0.4.3.tgz', '-y', '-opackages\\commander\\tgz\\commander-0.4.3']' returned non-zero exit status 2.
2023-11-15 11:04:24,355 ERROR: Unpacking for file "commander-0.5.0.tgz" failed: Command '['7z', 'e', 'packages\\commander\\tgz\\commander-0.5.0.tgz', '-y', '-opackages\\commander\\tgz\\commander-0.5.0']' returned non-zero exit status 2.
2023-11-15 11:04:24,368 ERROR: Unpacking for file "commander-0.5.1.tgz" failed: Command '['7z', 'e', 'packages\\commander\\tgz\\commander-0.5.1.tgz', '-y', '-opackages\\commander\\tgz\\commander-0.5.1']' returned non-zero exit status 2.
2023-11-15 11:04:24,373 INFO: Unpacked 0 package(s) in 0.1292 seconds
2023-11-15 11:04:24,373 INFO: Skipped 102 package(s) because they already exist.
2023-11-15 11:04:24,385 INFO: Created database(s) for 0 package(s) in 0.0119 seconds
2023-11-15 11:04:24,385 INFO: Skipped 102 package(s) because database(s) already exist.
2023-11-15 11:04:24,401 INFO: Applied queries for 0 package(s) in 0.0160 seconds
2023-11-15 11:04:24,402 INFO: Skipped 102 package(s) because result file(s) already exist.
2023-11-15 11:04:24,629 INFO: Saved result file of comparison of CodeQL sarif files to packages\commander\result_commander.txt
2023-11-15 18:30:40,448 INFO: Downloaded 0 package(s) in 0.0117 seconds
2023-11-15 18:30:40,448 INFO: Skipped 112 package(s) because they already exist.
2023-11-15 18:30:40,462 ERROR: Unpacking for file "commander-0.3.0.tgz" failed: Command '['7z', 'e', 'packages\\commander\\tgz\\commander-0.3.0.tgz', '-y', '-opackages\\commander\\tgz\\commander-0.3.0']' returned non-zero exit status 2.
2023-11-15 18:30:40,475 ERROR: Unpacking for file "commander-0.3.1.tgz" failed: Command '['7z', 'e', 'packages\\commander\\tgz\\commander-0.3.1.tgz', '-y', '-opackages\\commander\\tgz\\commander-0.3.1']' returned non-zero exit status 2.
2023-11-15 18:30:40,487 ERROR: Unpacking for file "commander-0.3.2.tgz" failed: Command '['7z', 'e', 'packages\\commander\\tgz\\commander-0.3.2.tgz', '-y', '-opackages\\commander\\tgz\\commander-0.3.2']' returned non-zero exit status 2.
2023-11-15 18:30:40,499 ERROR: Unpacking for file "commander-0.3.3.tgz" failed: Command '['7z', 'e', 'packages\\commander\\tgz\\commander-0.3.3.tgz', '-y', '-opackages\\commander\\tgz\\commander-0.3.3']' returned non-zero exit status 2.
2023-11-15 18:30:40,512 ERROR: Unpacking for file "commander-0.4.0.tgz" failed: Command '['7z', 'e', 'packages\\commander\\tgz\\commander-0.4.0.tgz', '-y', '-opackages\\commander\\tgz\\commander-0.4.0']' returned non-zero exit status 2.
2023-11-15 18:30:40,524 ERROR: Unpacking for file "commander-0.4.1.tgz" failed: Command '['7z', 'e', 'packages\\commander\\tgz\\commander-0.4.1.tgz', '-y', '-opackages\\commander\\tgz\\commander-0.4.1']' returned non-zero exit status 2.
2023-11-15 18:30:40,536 ERROR: Unpacking for file "commander-0.4.2.tgz" failed: Command '['7z', 'e', 'packages\\commander\\tgz\\commander-0.4.2.tgz', '-y', '-opackages\\commander\\tgz\\commander-0.4.2']' returned non-zero exit status 2.
2023-11-15 18:30:40,548 ERROR: Unpacking for file "commander-0.4.3.tgz" failed: Command '['7z', 'e', 'packages\\commander\\tgz\\commander-0.4.3.tgz', '-y', '-opackages\\commander\\tgz\\commander-0.4.3']' returned non-zero exit status 2.
2023-11-15 18:30:40,563 ERROR: Unpacking for file "commander-0.5.0.tgz" failed: Command '['7z', 'e', 'packages\\commander\\tgz\\commander-0.5.0.tgz', '-y', '-opackages\\commander\\tgz\\commander-0.5.0']' returned non-zero exit status 2.
2023-11-15 18:30:40,574 ERROR: Unpacking for file "commander-0.5.1.tgz" failed: Command '['7z', 'e', 'packages\\commander\\tgz\\commander-0.5.1.tgz', '-y', '-opackages\\commander\\tgz\\commander-0.5.1']' returned non-zero exit status 2.
2023-11-15 18:30:40,580 INFO: Unpacked 0 package(s) in 0.1318 seconds
2023-11-15 18:30:40,580 INFO: Skipped 102 package(s) because they already exist.
2023-11-15 18:30:40,595 INFO: Created database(s) for 0 package(s) in 0.0146 seconds
2023-11-15 18:30:40,595 INFO: Skipped 102 package(s) because database(s) already exist.
2023-11-15 18:30:40,612 INFO: Applied queries for 0 package(s) in 0.0164 seconds
2023-11-15 18:30:40,612 INFO: Skipped 102 package(s) because result file(s) already exist.
2023-11-15 18:30:40,843 INFO: Saved result file of comparison of CodeQL sarif files to packages\commander\result_commander.txt
