2023-11-12 12:41:39,628 INFO: Downloaded 1 package(s) in 0.7944 seconds
2023-11-12 12:41:39,630 INFO: Additional local package 'flatmap-stream-0.1.1.tgz' has been copied successfully.
2023-11-12 12:41:39,632 INFO: Additional local package 'flatmap-stream-0.1.0.tgz' has been copied successfully.
2023-11-12 12:41:39,704 INFO: Unpacked 3 package(s) in 0.0724 seconds
2023-11-12 12:41:49,138 INFO: Created database(s) for 3 package(s) in 9.4333 seconds
2023-11-12 12:43:09,029 INFO: Applied queries for 3 package(s) in 79.8894 seconds
2023-11-12 12:43:09,033 INFO: Saved result file of comparison of CodeQL sarif files to packages\flatmap-stream\result_flatmap-stream.txt
2023-11-15 11:04:17,756 INFO: Downloaded 0 package(s) in 0.0003 seconds
2023-11-15 11:04:17,757 INFO: Skipped 1 package(s) because they already exist.
2023-11-15 11:04:17,757 INFO: Additional local package is already existing at target.
2023-11-15 11:04:17,757 INFO: Additional local package is already existing at target.
2023-11-15 11:04:17,757 INFO: Unpacked 0 package(s) in 0.0002 seconds
2023-11-15 11:04:17,757 INFO: Skipped 3 package(s) because they already exist.
2023-11-15 11:04:17,758 INFO: Created database(s) for 0 package(s) in 0.0006 seconds
2023-11-15 11:04:17,758 INFO: Skipped 3 package(s) because database(s) already exist.
2023-11-15 11:04:17,759 INFO: Applied queries for 0 package(s) in 0.0007 seconds
2023-11-15 11:04:17,759 INFO: Skipped 3 package(s) because result file(s) already exist.
2023-11-15 11:04:17,763 INFO: Saved result file of comparison of CodeQL sarif files to packages\flatmap-stream\result_flatmap-stream.txt
2023-11-15 18:30:35,549 INFO: Downloaded 0 package(s) in 0.0003 seconds
2023-11-15 18:30:35,549 INFO: Skipped 1 package(s) because they already exist.
2023-11-15 18:30:35,550 INFO: Additional local package is already existing at target.
2023-11-15 18:30:35,550 INFO: Additional local package is already existing at target.
2023-11-15 18:30:35,550 INFO: Unpacked 0 package(s) in 0.0002 seconds
2023-11-15 18:30:35,550 INFO: Skipped 3 package(s) because they already exist.
2023-11-15 18:30:35,551 INFO: Created database(s) for 0 package(s) in 0.0005 seconds
2023-11-15 18:30:35,551 INFO: Skipped 3 package(s) because database(s) already exist.
2023-11-15 18:30:35,552 INFO: Applied queries for 0 package(s) in 0.0005 seconds
2023-11-15 18:30:35,552 INFO: Skipped 3 package(s) because result file(s) already exist.
2023-11-15 18:30:35,555 INFO: Saved result file of comparison of CodeQL sarif files to packages\flatmap-stream\result_flatmap-stream.txt
