2023-11-12 09:56:51,676 INFO: Downloaded 74 package(s) in 72.6421 seconds
2023-11-12 09:56:51,804 ERROR: Unpacking for file "moment-1.1.0.tgz" failed: Command '['7z', 'e', 'packages\\moment\\tgz\\moment-1.1.0.tgz', '-y', '-opackages\\moment\\tgz\\moment-1.1.0']' returned non-zero exit status 2.
2023-11-12 09:56:51,818 ERROR: Unpacking for file "moment-1.1.1.tgz" failed: Command '['7z', 'e', 'packages\\moment\\tgz\\moment-1.1.1.tgz', '-y', '-opackages\\moment\\tgz\\moment-1.1.1']' returned non-zero exit status 2.
2023-11-12 09:56:51,832 ERROR: Unpacking for file "moment-1.2.0.tgz" failed: Command '['7z', 'e', 'packages\\moment\\tgz\\moment-1.2.0.tgz', '-y', '-opackages\\moment\\tgz\\moment-1.2.0']' returned non-zero exit status 2.
2023-11-12 09:57:02,236 INFO: Unpacked 71 package(s) in 10.5583 seconds
2023-11-12 10:08:49,799 INFO: Created database(s) for 71 package(s) in 707.5617 seconds
2023-11-12 10:45:39,616 INFO: Applied queries for 71 package(s) in 2209.8150 seconds
2023-11-12 10:45:40,152 INFO: Saved result file of comparison of CodeQL sarif files to packages\moment\result_moment.txt
2023-11-15 11:04:10,534 INFO: Downloaded 0 package(s) in 0.0084 seconds
2023-11-15 11:04:10,534 INFO: Skipped 74 package(s) because they already exist.
2023-11-15 11:04:10,827 ERROR: Unpacking for file "moment-1.1.0.tgz" failed: Command '['7z', 'e', 'packages\\moment\\tgz\\moment-1.1.0.tgz', '-y', '-opackages\\moment\\tgz\\moment-1.1.0']' returned non-zero exit status 2.
2023-11-15 11:04:10,841 ERROR: Unpacking for file "moment-1.1.1.tgz" failed: Command '['7z', 'e', 'packages\\moment\\tgz\\moment-1.1.1.tgz', '-y', '-opackages\\moment\\tgz\\moment-1.1.1']' returned non-zero exit status 2.
2023-11-15 11:04:10,857 ERROR: Unpacking for file "moment-1.2.0.tgz" failed: Command '['7z', 'e', 'packages\\moment\\tgz\\moment-1.2.0.tgz', '-y', '-opackages\\moment\\tgz\\moment-1.2.0']' returned non-zero exit status 2.
2023-11-15 11:04:10,860 INFO: Unpacked 0 package(s) in 0.3256 seconds
2023-11-15 11:04:10,861 INFO: Skipped 71 package(s) because they already exist.
2023-11-15 11:04:10,869 INFO: Created database(s) for 0 package(s) in 0.0087 seconds
2023-11-15 11:04:10,869 INFO: Skipped 71 package(s) because database(s) already exist.
2023-11-15 11:04:10,880 INFO: Applied queries for 0 package(s) in 0.0107 seconds
2023-11-15 11:04:10,880 INFO: Skipped 71 package(s) because result file(s) already exist.
2023-11-15 11:04:11,514 INFO: Saved result file of comparison of CodeQL sarif files to packages\moment\result_moment.txt
2023-11-15 18:30:29,709 INFO: Downloaded 0 package(s) in 0.0062 seconds
2023-11-15 18:30:29,709 INFO: Skipped 74 package(s) because they already exist.
2023-11-15 18:30:29,727 ERROR: Unpacking for file "moment-1.1.0.tgz" failed: Command '['7z', 'e', 'packages\\moment\\tgz\\moment-1.1.0.tgz', '-y', '-opackages\\moment\\tgz\\moment-1.1.0']' returned non-zero exit status 2.
2023-11-15 18:30:29,753 ERROR: Unpacking for file "moment-1.1.1.tgz" failed: Command '['7z', 'e', 'packages\\moment\\tgz\\moment-1.1.1.tgz', '-y', '-opackages\\moment\\tgz\\moment-1.1.1']' returned non-zero exit status 2.
2023-11-15 18:30:29,769 ERROR: Unpacking for file "moment-1.2.0.tgz" failed: Command '['7z', 'e', 'packages\\moment\\tgz\\moment-1.2.0.tgz', '-y', '-opackages\\moment\\tgz\\moment-1.2.0']' returned non-zero exit status 2.
2023-11-15 18:30:29,772 INFO: Unpacked 0 package(s) in 0.0629 seconds
2023-11-15 18:30:29,772 INFO: Skipped 71 package(s) because they already exist.
2023-11-15 18:30:29,781 INFO: Created database(s) for 0 package(s) in 0.0087 seconds
2023-11-15 18:30:29,781 INFO: Skipped 71 package(s) because database(s) already exist.
2023-11-15 18:30:29,794 INFO: Applied queries for 0 package(s) in 0.0118 seconds
2023-11-15 18:30:29,794 INFO: Skipped 71 package(s) because result file(s) already exist.
2023-11-15 18:30:30,515 INFO: Saved result file of comparison of CodeQL sarif files to packages\moment\result_moment.txt
2023-11-16 20:26:35,532 INFO: Downloaded 0 package(s) in 0.0095 seconds
2023-11-16 20:26:35,532 INFO: Skipped 74 package(s) because they already exist.
2023-11-16 20:26:35,549 ERROR: Unpacking for file "moment-1.1.0.tgz" failed: Command '['7z', 'e', 'packages\\moment\\tgz\\moment-1.1.0.tgz', '-y', '-opackages\\moment\\tgz\\moment-1.1.0']' returned non-zero exit status 2.
2023-11-16 20:26:35,563 ERROR: Unpacking for file "moment-1.1.1.tgz" failed: Command '['7z', 'e', 'packages\\moment\\tgz\\moment-1.1.1.tgz', '-y', '-opackages\\moment\\tgz\\moment-1.1.1']' returned non-zero exit status 2.
2023-11-16 20:26:35,578 ERROR: Unpacking for file "moment-1.2.0.tgz" failed: Command '['7z', 'e', 'packages\\moment\\tgz\\moment-1.2.0.tgz', '-y', '-opackages\\moment\\tgz\\moment-1.2.0']' returned non-zero exit status 2.
2023-11-16 20:26:35,583 INFO: Unpacked 0 package(s) in 0.0507 seconds
2023-11-16 20:26:35,584 INFO: Skipped 71 package(s) because they already exist.
2023-11-16 20:26:35,592 INFO: Created database(s) for 0 package(s) in 0.0085 seconds
2023-11-16 20:26:35,592 INFO: Skipped 71 package(s) because database(s) already exist.
2023-11-16 20:26:35,601 INFO: Applied queries for 0 package(s) in 0.0086 seconds
2023-11-16 20:26:35,601 INFO: Skipped 71 package(s) because result file(s) already exist.
2023-11-16 20:26:36,109 INFO: Saved result file of comparison of CodeQL sarif files to packages\moment\result_moment.txt
2023-11-16 22:26:11,089 INFO: Downloaded 0 package(s) in 0.0059 seconds
2023-11-16 22:26:11,089 INFO: Skipped 74 package(s) because they already exist.
2023-11-16 22:26:11,107 ERROR: Unpacking for file "moment-1.1.0.tgz" failed: Command '['7z', 'e', 'packages\\moment\\tgz\\moment-1.1.0.tgz', '-y', '-opackages\\moment\\tgz\\moment-1.1.0']' returned non-zero exit status 2.
2023-11-16 22:26:11,120 ERROR: Unpacking for file "moment-1.1.1.tgz" failed: Command '['7z', 'e', 'packages\\moment\\tgz\\moment-1.1.1.tgz', '-y', '-opackages\\moment\\tgz\\moment-1.1.1']' returned non-zero exit status 2.
2023-11-16 22:26:11,135 ERROR: Unpacking for file "moment-1.2.0.tgz" failed: Command '['7z', 'e', 'packages\\moment\\tgz\\moment-1.2.0.tgz', '-y', '-opackages\\moment\\tgz\\moment-1.2.0']' returned non-zero exit status 2.
2023-11-16 22:26:11,138 INFO: Unpacked 0 package(s) in 0.0483 seconds
2023-11-16 22:26:11,138 INFO: Skipped 71 package(s) because they already exist.
2023-11-16 22:26:11,146 INFO: Created database(s) for 0 package(s) in 0.0081 seconds
2023-11-16 22:26:11,146 INFO: Skipped 71 package(s) because database(s) already exist.
2023-11-16 22:26:11,156 INFO: Applied queries for 0 package(s) in 0.0090 seconds
2023-11-16 22:26:11,156 INFO: Skipped 71 package(s) because result file(s) already exist.
2023-11-16 22:26:11,662 INFO: Saved result file of comparison of CodeQL sarif files to packages\moment\result_moment.txt
2023-11-16 22:30:14,459 INFO: Downloaded 0 package(s) in 0.0058 seconds
2023-11-16 22:30:14,459 INFO: Skipped 74 package(s) because they already exist.
2023-11-16 22:30:14,476 ERROR: Unpacking for file "moment-1.1.0.tgz" failed: Command '['7z', 'e', 'packages\\moment\\tgz\\moment-1.1.0.tgz', '-y', '-opackages\\moment\\tgz\\moment-1.1.0']' returned non-zero exit status 2.
2023-11-16 22:30:14,489 ERROR: Unpacking for file "moment-1.1.1.tgz" failed: Command '['7z', 'e', 'packages\\moment\\tgz\\moment-1.1.1.tgz', '-y', '-opackages\\moment\\tgz\\moment-1.1.1']' returned non-zero exit status 2.
2023-11-16 22:30:14,503 ERROR: Unpacking for file "moment-1.2.0.tgz" failed: Command '['7z', 'e', 'packages\\moment\\tgz\\moment-1.2.0.tgz', '-y', '-opackages\\moment\\tgz\\moment-1.2.0']' returned non-zero exit status 2.
2023-11-16 22:30:14,507 INFO: Unpacked 0 package(s) in 0.0472 seconds
2023-11-16 22:30:14,507 INFO: Skipped 71 package(s) because they already exist.
2023-11-16 22:30:14,516 INFO: Created database(s) for 0 package(s) in 0.0085 seconds
2023-11-16 22:30:14,516 INFO: Skipped 71 package(s) because database(s) already exist.
2023-11-16 22:30:14,524 INFO: Applied queries for 0 package(s) in 0.0085 seconds
2023-11-16 22:30:14,524 INFO: Skipped 71 package(s) because result file(s) already exist.
2023-11-16 22:30:15,027 INFO: Saved result file of comparison of CodeQL sarif files to packages\moment\result_moment.txt
