2023-11-12 22:19:33,868 ERROR: Downloading vue-0.8.6.tgz from https://registry.npmjs.org/vue/-/vue-0.8.6.tgz failed. Reponse code: 404, Content: b'{"error":"Not found"}'
2023-11-12 22:27:55,660 INFO: Downloaded 450 package(s) in 516.5657 seconds
2023-11-12 22:27:55,660 INFO: Download of 1 package(s) failed.
2023-11-12 22:28:27,247 INFO: Unpacked 450 package(s) in 31.5850 seconds
2023-11-12 23:29:04,504 INFO: Created database(s) for 450 package(s) in 3637.2555 seconds
2023-11-13 03:31:57,641 INFO: Applied queries for 450 package(s) in 14575.4590 seconds
2023-11-13 03:31:59,457 INFO: Saved result file of comparison of CodeQL sarif files to packages\vue\result_vue.txt
2023-11-15 11:04:26,282 ERROR: Downloading vue-0.8.6.tgz from https://registry.npmjs.org/vue/-/vue-0.8.6.tgz failed. Reponse code: 404, Content: b'{"error":"Not found"}'
2023-11-15 11:04:26,305 INFO: Downloaded 0 package(s) in 0.8711 seconds
2023-11-15 11:04:26,305 INFO: Download of 1 package(s) failed.
2023-11-15 11:04:26,305 INFO: Skipped 450 package(s) because they already exist.
2023-11-15 11:04:26,328 INFO: Unpacked 0 package(s) in 0.0212 seconds
2023-11-15 11:04:26,328 INFO: Skipped 450 package(s) because they already exist.
2023-11-15 11:04:26,374 INFO: Created database(s) for 0 package(s) in 0.0460 seconds
2023-11-15 11:04:26,375 INFO: Skipped 450 package(s) because database(s) already exist.
2023-11-15 11:04:26,428 INFO: Applied queries for 0 package(s) in 0.0533 seconds
2023-11-15 11:04:26,428 INFO: Skipped 450 package(s) because result file(s) already exist.
2023-11-15 11:04:27,835 INFO: Saved result file of comparison of CodeQL sarif files to packages\vue\result_vue.txt
2023-11-15 18:30:42,470 ERROR: Downloading vue-0.8.6.tgz from https://registry.npmjs.org/vue/-/vue-0.8.6.tgz failed. Reponse code: 404, Content: b'{"error":"Not found"}'
2023-11-15 18:30:42,495 INFO: Downloaded 0 package(s) in 0.8488 seconds
2023-11-15 18:30:42,495 INFO: Download of 1 package(s) failed.
2023-11-15 18:30:42,495 INFO: Skipped 450 package(s) because they already exist.
2023-11-15 18:30:42,518 INFO: Unpacked 0 package(s) in 0.0225 seconds
2023-11-15 18:30:42,519 INFO: Skipped 450 package(s) because they already exist.
2023-11-15 18:30:42,572 INFO: Created database(s) for 0 package(s) in 0.0530 seconds
2023-11-15 18:30:42,572 INFO: Skipped 450 package(s) because database(s) already exist.
2023-11-15 18:30:42,634 INFO: Applied queries for 0 package(s) in 0.0621 seconds
2023-11-15 18:30:42,635 INFO: Skipped 450 package(s) because result file(s) already exist.
2023-11-15 18:30:44,200 INFO: Saved result file of comparison of CodeQL sarif files to packages\vue\result_vue.txt
