2023-11-12 12:37:30,625 INFO: Downloaded 3 package(s) in 2.4331 seconds
2023-11-12 12:37:30,627 INFO: Additional local package 'vue-backbone-0.1.2.tgz' has been copied successfully.
2023-11-12 12:37:30,728 INFO: Unpacked 4 package(s) in 0.1004 seconds
2023-11-12 12:37:47,428 INFO: Created database(s) for 4 package(s) in 16.6998 seconds
2023-11-12 12:39:36,157 INFO: Applied queries for 4 package(s) in 108.7273 seconds
2023-11-12 12:39:36,163 INFO: Saved result file of comparison of CodeQL sarif files to packages\vue-backbone\result_vue-backbone.txt
2023-11-15 11:04:15,647 INFO: Downloaded 0 package(s) in 0.0006 seconds
2023-11-15 11:04:15,648 INFO: Skipped 3 package(s) because they already exist.
2023-11-15 11:04:15,648 INFO: Additional local package is already existing at target.
2023-11-15 11:04:15,648 INFO: Unpacked 0 package(s) in 0.0004 seconds
2023-11-15 11:04:15,648 INFO: Skipped 4 package(s) because they already exist.
2023-11-15 11:04:15,649 INFO: Created database(s) for 0 package(s) in 0.0008 seconds
2023-11-15 11:04:15,650 INFO: Skipped 4 package(s) because database(s) already exist.
2023-11-15 11:04:15,650 INFO: Applied queries for 0 package(s) in 0.0007 seconds
2023-11-15 11:04:15,650 INFO: Skipped 4 package(s) because result file(s) already exist.
2023-11-15 11:04:15,656 INFO: Saved result file of comparison of CodeQL sarif files to packages\vue-backbone\result_vue-backbone.txt
2023-11-15 18:30:33,910 INFO: Downloaded 0 package(s) in 0.0005 seconds
2023-11-15 18:30:33,910 INFO: Skipped 3 package(s) because they already exist.
2023-11-15 18:30:33,910 INFO: Additional local package is already existing at target.
2023-11-15 18:30:33,911 INFO: Unpacked 0 package(s) in 0.0003 seconds
2023-11-15 18:30:33,911 INFO: Skipped 4 package(s) because they already exist.
2023-11-15 18:30:33,911 INFO: Created database(s) for 0 package(s) in 0.0006 seconds
2023-11-15 18:30:33,912 INFO: Skipped 4 package(s) because database(s) already exist.
2023-11-15 18:30:33,912 INFO: Applied queries for 0 package(s) in 0.0006 seconds
2023-11-15 18:30:33,912 INFO: Skipped 4 package(s) because result file(s) already exist.
2023-11-15 18:30:33,918 INFO: Saved result file of comparison of CodeQL sarif files to packages\vue-backbone\result_vue-backbone.txt
