2023-11-12 11:38:29,317 INFO: Downloaded 19 package(s) in 3.8009 seconds
2023-11-12 11:38:29,319 INFO: Additional local package 'kraken-api-0.1.8.tgz' has been copied successfully.
2023-11-12 11:38:29,784 INFO: Unpacked 20 package(s) in 0.4640 seconds
2023-11-12 11:39:43,338 INFO: Created database(s) for 20 package(s) in 73.5536 seconds
2023-11-12 11:48:41,225 INFO: Applied queries for 20 package(s) in 537.8858 seconds
2023-11-12 11:48:41,247 INFO: Saved result file of comparison of CodeQL sarif files to packages\kraken-api\result_kraken-api.txt
2023-11-15 11:04:14,069 INFO: Downloaded 0 package(s) in 0.0024 seconds
2023-11-15 11:04:14,070 INFO: Skipped 19 package(s) because they already exist.
2023-11-15 11:04:14,070 INFO: Additional local package is already existing at target.
2023-11-15 11:04:14,071 INFO: Unpacked 0 package(s) in 0.0013 seconds
2023-11-15 11:04:14,071 INFO: Skipped 20 package(s) because they already exist.
2023-11-15 11:04:14,074 INFO: Created database(s) for 0 package(s) in 0.0025 seconds
2023-11-15 11:04:14,074 INFO: Skipped 20 package(s) because database(s) already exist.
2023-11-15 11:04:14,077 INFO: Applied queries for 0 package(s) in 0.0030 seconds
2023-11-15 11:04:14,078 INFO: Skipped 20 package(s) because result file(s) already exist.
2023-11-15 11:04:14,102 INFO: Saved result file of comparison of CodeQL sarif files to packages\kraken-api\result_kraken-api.txt
2023-11-15 18:30:32,568 INFO: Downloaded 0 package(s) in 0.0016 seconds
2023-11-15 18:30:32,569 INFO: Skipped 19 package(s) because they already exist.
2023-11-15 18:30:32,569 INFO: Additional local package is already existing at target.
2023-11-15 18:30:32,570 INFO: Unpacked 0 package(s) in 0.0014 seconds
2023-11-15 18:30:32,570 INFO: Skipped 20 package(s) because they already exist.
2023-11-15 18:30:32,573 INFO: Created database(s) for 0 package(s) in 0.0026 seconds
2023-11-15 18:30:32,573 INFO: Skipped 20 package(s) because database(s) already exist.
2023-11-15 18:30:32,576 INFO: Applied queries for 0 package(s) in 0.0030 seconds
2023-11-15 18:30:32,577 INFO: Skipped 20 package(s) because result file(s) already exist.
2023-11-15 18:30:32,629 INFO: Saved result file of comparison of CodeQL sarif files to packages\kraken-api\result_kraken-api.txt
