2023-11-12 14:36:23,128 INFO: Downloaded 142 package(s) in 70.9337 seconds
2023-11-12 14:36:24,268 ERROR: Unpacking for file "glob-2.0.7.tgz" failed: Command '['7z', 'e', 'packages\\glob\\tgz\\glob-2.0.7.tgz', '-y', '-opackages\\glob\\tgz\\glob-2.0.7']' returned non-zero exit status 2.
2023-11-12 14:36:24,279 ERROR: Unpacking for file "glob-2.0.8.tgz" failed: Command '['7z', 'e', 'packages\\glob\\tgz\\glob-2.0.8.tgz', '-y', '-opackages\\glob\\tgz\\glob-2.0.8']' returned non-zero exit status 2.
2023-11-12 14:36:24,290 ERROR: Unpacking for file "glob-2.0.9.tgz" failed: Command '['7z', 'e', 'packages\\glob\\tgz\\glob-2.0.9.tgz', '-y', '-opackages\\glob\\tgz\\glob-2.0.9']' returned non-zero exit status 2.
2023-11-12 14:36:24,301 ERROR: Unpacking for file "glob-2.1.0.tgz" failed: Command '['7z', 'e', 'packages\\glob\\tgz\\glob-2.1.0.tgz', '-y', '-opackages\\glob\\tgz\\glob-2.1.0']' returned non-zero exit status 2.
2023-11-12 14:36:27,658 INFO: Unpacked 138 package(s) in 4.5280 seconds
2023-11-12 14:46:35,595 INFO: Created database(s) for 138 package(s) in 607.9356 seconds
2023-11-12 15:49:40,403 INFO: Applied queries for 138 package(s) in 3784.8064 seconds
2023-11-12 15:49:40,567 INFO: Saved result file of comparison of CodeQL sarif files to packages\glob\result_glob.txt
2023-11-15 11:04:21,391 INFO: Downloaded 0 package(s) in 0.0140 seconds
2023-11-15 11:04:21,393 INFO: Skipped 142 package(s) because they already exist.
2023-11-15 11:04:21,410 ERROR: Unpacking for file "glob-2.0.7.tgz" failed: Command '['7z', 'e', 'packages\\glob\\tgz\\glob-2.0.7.tgz', '-y', '-opackages\\glob\\tgz\\glob-2.0.7']' returned non-zero exit status 2.
2023-11-15 11:04:21,423 ERROR: Unpacking for file "glob-2.0.8.tgz" failed: Command '['7z', 'e', 'packages\\glob\\tgz\\glob-2.0.8.tgz', '-y', '-opackages\\glob\\tgz\\glob-2.0.8']' returned non-zero exit status 2.
2023-11-15 11:04:21,435 ERROR: Unpacking for file "glob-2.0.9.tgz" failed: Command '['7z', 'e', 'packages\\glob\\tgz\\glob-2.0.9.tgz', '-y', '-opackages\\glob\\tgz\\glob-2.0.9']' returned non-zero exit status 2.
2023-11-15 11:04:21,447 ERROR: Unpacking for file "glob-2.1.0.tgz" failed: Command '['7z', 'e', 'packages\\glob\\tgz\\glob-2.1.0.tgz', '-y', '-opackages\\glob\\tgz\\glob-2.1.0']' returned non-zero exit status 2.
2023-11-15 11:04:21,453 INFO: Unpacked 0 package(s) in 0.0599 seconds
2023-11-15 11:04:21,453 INFO: Skipped 138 package(s) because they already exist.
2023-11-15 11:04:21,471 INFO: Created database(s) for 0 package(s) in 0.0174 seconds
2023-11-15 11:04:21,471 INFO: Skipped 138 package(s) because database(s) already exist.
2023-11-15 11:04:21,498 INFO: Applied queries for 0 package(s) in 0.0269 seconds
2023-11-15 11:04:21,498 INFO: Skipped 138 package(s) because result file(s) already exist.
2023-11-15 11:04:21,971 INFO: Saved result file of comparison of CodeQL sarif files to packages\glob\result_glob.txt
2023-11-15 18:30:37,366 INFO: Downloaded 0 package(s) in 0.0104 seconds
2023-11-15 18:30:37,366 INFO: Skipped 142 package(s) because they already exist.
2023-11-15 18:30:37,383 ERROR: Unpacking for file "glob-2.0.7.tgz" failed: Command '['7z', 'e', 'packages\\glob\\tgz\\glob-2.0.7.tgz', '-y', '-opackages\\glob\\tgz\\glob-2.0.7']' returned non-zero exit status 2.
2023-11-15 18:30:37,396 ERROR: Unpacking for file "glob-2.0.8.tgz" failed: Command '['7z', 'e', 'packages\\glob\\tgz\\glob-2.0.8.tgz', '-y', '-opackages\\glob\\tgz\\glob-2.0.8']' returned non-zero exit status 2.
2023-11-15 18:30:37,409 ERROR: Unpacking for file "glob-2.0.9.tgz" failed: Command '['7z', 'e', 'packages\\glob\\tgz\\glob-2.0.9.tgz', '-y', '-opackages\\glob\\tgz\\glob-2.0.9']' returned non-zero exit status 2.
2023-11-15 18:30:37,422 ERROR: Unpacking for file "glob-2.1.0.tgz" failed: Command '['7z', 'e', 'packages\\glob\\tgz\\glob-2.1.0.tgz', '-y', '-opackages\\glob\\tgz\\glob-2.1.0']' returned non-zero exit status 2.
2023-11-15 18:30:37,428 INFO: Unpacked 0 package(s) in 0.0610 seconds
2023-11-15 18:30:37,428 INFO: Skipped 138 package(s) because they already exist.
2023-11-15 18:30:37,447 INFO: Created database(s) for 0 package(s) in 0.0183 seconds
2023-11-15 18:30:37,447 INFO: Skipped 138 package(s) because database(s) already exist.
2023-11-15 18:30:37,471 INFO: Applied queries for 0 package(s) in 0.0241 seconds
2023-11-15 18:30:37,471 INFO: Skipped 138 package(s) because result file(s) already exist.
2023-11-15 18:30:37,652 INFO: Saved result file of comparison of CodeQL sarif files to packages\glob\result_glob.txt
