2023-11-12 10:46:16,420 INFO: Downloaded 71 package(s) in 36.0807 seconds
2023-11-12 10:46:16,437 ERROR: Unpacking for file "debug-0.0.1.tgz" failed: Command '['7z', 'e', 'packages\\debug\\tgz\\debug-0.0.1.tgz', '-y', '-opackages\\debug\\tgz\\debug-0.0.1']' returned non-zero exit status 2.
2023-11-12 10:46:16,447 ERROR: Unpacking for file "debug-0.1.0.tgz" failed: Command '['7z', 'e', 'packages\\debug\\tgz\\debug-0.1.0.tgz', '-y', '-opackages\\debug\\tgz\\debug-0.1.0']' returned non-zero exit status 2.
2023-11-12 10:46:16,458 ERROR: Unpacking for file "debug-0.2.0.tgz" failed: Command '['7z', 'e', 'packages\\debug\\tgz\\debug-0.2.0.tgz', '-y', '-opackages\\debug\\tgz\\debug-0.2.0']' returned non-zero exit status 2.
2023-11-12 10:46:16,470 ERROR: Unpacking for file "debug-0.3.0.tgz" failed: Command '['7z', 'e', 'packages\\debug\\tgz\\debug-0.3.0.tgz', '-y', '-opackages\\debug\\tgz\\debug-0.3.0']' returned non-zero exit status 2.
2023-11-12 10:46:16,481 ERROR: Unpacking for file "debug-0.4.0.tgz" failed: Command '['7z', 'e', 'packages\\debug\\tgz\\debug-0.4.0.tgz', '-y', '-opackages\\debug\\tgz\\debug-0.4.0']' returned non-zero exit status 2.
2023-11-12 10:46:16,493 ERROR: Unpacking for file "debug-0.4.1.tgz" failed: Command '['7z', 'e', 'packages\\debug\\tgz\\debug-0.4.1.tgz', '-y', '-opackages\\debug\\tgz\\debug-0.4.1']' returned non-zero exit status 2.
2023-11-12 10:46:16,503 ERROR: Unpacking for file "debug-0.5.0.tgz" failed: Command '['7z', 'e', 'packages\\debug\\tgz\\debug-0.5.0.tgz', '-y', '-opackages\\debug\\tgz\\debug-0.5.0']' returned non-zero exit status 2.
2023-11-12 10:46:18,196 INFO: Unpacked 64 package(s) in 1.7747 seconds
2023-11-12 10:50:41,883 INFO: Created database(s) for 64 package(s) in 263.6866 seconds
2023-11-12 11:19:38,351 INFO: Applied queries for 64 package(s) in 1736.4670 seconds
2023-11-12 11:19:38,426 INFO: Saved result file of comparison of CodeQL sarif files to packages\debug\result_debug.txt
2023-11-15 11:04:11,861 INFO: Downloaded 0 package(s) in 0.0104 seconds
2023-11-15 11:04:11,861 INFO: Skipped 71 package(s) because they already exist.
2023-11-15 11:04:11,875 ERROR: Unpacking for file "debug-0.0.1.tgz" failed: Command '['7z', 'e', 'packages\\debug\\tgz\\debug-0.0.1.tgz', '-y', '-opackages\\debug\\tgz\\debug-0.0.1']' returned non-zero exit status 2.
2023-11-15 11:04:11,887 ERROR: Unpacking for file "debug-0.1.0.tgz" failed: Command '['7z', 'e', 'packages\\debug\\tgz\\debug-0.1.0.tgz', '-y', '-opackages\\debug\\tgz\\debug-0.1.0']' returned non-zero exit status 2.
2023-11-15 11:04:11,899 ERROR: Unpacking for file "debug-0.2.0.tgz" failed: Command '['7z', 'e', 'packages\\debug\\tgz\\debug-0.2.0.tgz', '-y', '-opackages\\debug\\tgz\\debug-0.2.0']' returned non-zero exit status 2.
2023-11-15 11:04:11,912 ERROR: Unpacking for file "debug-0.3.0.tgz" failed: Command '['7z', 'e', 'packages\\debug\\tgz\\debug-0.3.0.tgz', '-y', '-opackages\\debug\\tgz\\debug-0.3.0']' returned non-zero exit status 2.
2023-11-15 11:04:11,924 ERROR: Unpacking for file "debug-0.4.0.tgz" failed: Command '['7z', 'e', 'packages\\debug\\tgz\\debug-0.4.0.tgz', '-y', '-opackages\\debug\\tgz\\debug-0.4.0']' returned non-zero exit status 2.
2023-11-15 11:04:11,937 ERROR: Unpacking for file "debug-0.4.1.tgz" failed: Command '['7z', 'e', 'packages\\debug\\tgz\\debug-0.4.1.tgz', '-y', '-opackages\\debug\\tgz\\debug-0.4.1']' returned non-zero exit status 2.
2023-11-15 11:04:11,949 ERROR: Unpacking for file "debug-0.5.0.tgz" failed: Command '['7z', 'e', 'packages\\debug\\tgz\\debug-0.5.0.tgz', '-y', '-opackages\\debug\\tgz\\debug-0.5.0']' returned non-zero exit status 2.
2023-11-15 11:04:11,953 INFO: Unpacked 0 package(s) in 0.0906 seconds
2023-11-15 11:04:11,953 INFO: Skipped 64 package(s) because they already exist.
2023-11-15 11:04:11,961 INFO: Created database(s) for 0 package(s) in 0.0082 seconds
2023-11-15 11:04:11,961 INFO: Skipped 64 package(s) because database(s) already exist.
2023-11-15 11:04:11,971 INFO: Applied queries for 0 package(s) in 0.0096 seconds
2023-11-15 11:04:11,971 INFO: Skipped 64 package(s) because result file(s) already exist.
2023-11-15 11:04:12,054 INFO: Saved result file of comparison of CodeQL sarif files to packages\debug\result_debug.txt
2023-11-15 18:30:30,653 INFO: Downloaded 0 package(s) in 0.0060 seconds
2023-11-15 18:30:30,653 INFO: Skipped 71 package(s) because they already exist.
2023-11-15 18:30:30,668 ERROR: Unpacking for file "debug-0.0.1.tgz" failed: Command '['7z', 'e', 'packages\\debug\\tgz\\debug-0.0.1.tgz', '-y', '-opackages\\debug\\tgz\\debug-0.0.1']' returned non-zero exit status 2.
2023-11-15 18:30:30,680 ERROR: Unpacking for file "debug-0.1.0.tgz" failed: Command '['7z', 'e', 'packages\\debug\\tgz\\debug-0.1.0.tgz', '-y', '-opackages\\debug\\tgz\\debug-0.1.0']' returned non-zero exit status 2.
2023-11-15 18:30:30,695 ERROR: Unpacking for file "debug-0.2.0.tgz" failed: Command '['7z', 'e', 'packages\\debug\\tgz\\debug-0.2.0.tgz', '-y', '-opackages\\debug\\tgz\\debug-0.2.0']' returned non-zero exit status 2.
2023-11-15 18:30:30,709 ERROR: Unpacking for file "debug-0.3.0.tgz" failed: Command '['7z', 'e', 'packages\\debug\\tgz\\debug-0.3.0.tgz', '-y', '-opackages\\debug\\tgz\\debug-0.3.0']' returned non-zero exit status 2.
2023-11-15 18:30:30,722 ERROR: Unpacking for file "debug-0.4.0.tgz" failed: Command '['7z', 'e', 'packages\\debug\\tgz\\debug-0.4.0.tgz', '-y', '-opackages\\debug\\tgz\\debug-0.4.0']' returned non-zero exit status 2.
2023-11-15 18:30:30,735 ERROR: Unpacking for file "debug-0.4.1.tgz" failed: Command '['7z', 'e', 'packages\\debug\\tgz\\debug-0.4.1.tgz', '-y', '-opackages\\debug\\tgz\\debug-0.4.1']' returned non-zero exit status 2.
2023-11-15 18:30:30,749 ERROR: Unpacking for file "debug-0.5.0.tgz" failed: Command '['7z', 'e', 'packages\\debug\\tgz\\debug-0.5.0.tgz', '-y', '-opackages\\debug\\tgz\\debug-0.5.0']' returned non-zero exit status 2.
2023-11-15 18:30:30,752 INFO: Unpacked 0 package(s) in 0.0996 seconds
2023-11-15 18:30:30,752 INFO: Skipped 64 package(s) because they already exist.
2023-11-15 18:30:30,762 INFO: Created database(s) for 0 package(s) in 0.0095 seconds
2023-11-15 18:30:30,762 INFO: Skipped 64 package(s) because database(s) already exist.
2023-11-15 18:30:30,774 INFO: Applied queries for 0 package(s) in 0.0114 seconds
2023-11-15 18:30:30,774 INFO: Skipped 64 package(s) because result file(s) already exist.
2023-11-15 18:30:30,871 INFO: Saved result file of comparison of CodeQL sarif files to packages\debug\result_debug.txt
2023-11-16 20:26:36,235 INFO: Downloaded 0 package(s) in 0.0106 seconds
2023-11-16 20:26:36,235 INFO: Skipped 71 package(s) because they already exist.
2023-11-16 20:26:36,249 ERROR: Unpacking for file "debug-0.0.1.tgz" failed: Command '['7z', 'e', 'packages\\debug\\tgz\\debug-0.0.1.tgz', '-y', '-opackages\\debug\\tgz\\debug-0.0.1']' returned non-zero exit status 2.
2023-11-16 20:26:36,260 ERROR: Unpacking for file "debug-0.1.0.tgz" failed: Command '['7z', 'e', 'packages\\debug\\tgz\\debug-0.1.0.tgz', '-y', '-opackages\\debug\\tgz\\debug-0.1.0']' returned non-zero exit status 2.
2023-11-16 20:26:36,272 ERROR: Unpacking for file "debug-0.2.0.tgz" failed: Command '['7z', 'e', 'packages\\debug\\tgz\\debug-0.2.0.tgz', '-y', '-opackages\\debug\\tgz\\debug-0.2.0']' returned non-zero exit status 2.
2023-11-16 20:26:36,283 ERROR: Unpacking for file "debug-0.3.0.tgz" failed: Command '['7z', 'e', 'packages\\debug\\tgz\\debug-0.3.0.tgz', '-y', '-opackages\\debug\\tgz\\debug-0.3.0']' returned non-zero exit status 2.
2023-11-16 20:26:36,294 ERROR: Unpacking for file "debug-0.4.0.tgz" failed: Command '['7z', 'e', 'packages\\debug\\tgz\\debug-0.4.0.tgz', '-y', '-opackages\\debug\\tgz\\debug-0.4.0']' returned non-zero exit status 2.
2023-11-16 20:26:36,305 ERROR: Unpacking for file "debug-0.4.1.tgz" failed: Command '['7z', 'e', 'packages\\debug\\tgz\\debug-0.4.1.tgz', '-y', '-opackages\\debug\\tgz\\debug-0.4.1']' returned non-zero exit status 2.
2023-11-16 20:26:36,316 ERROR: Unpacking for file "debug-0.5.0.tgz" failed: Command '['7z', 'e', 'packages\\debug\\tgz\\debug-0.5.0.tgz', '-y', '-opackages\\debug\\tgz\\debug-0.5.0']' returned non-zero exit status 2.
2023-11-16 20:26:36,325 INFO: Unpacked 0 package(s) in 0.0894 seconds
2023-11-16 20:26:36,325 INFO: Skipped 64 package(s) because they already exist.
2023-11-16 20:26:36,333 INFO: Created database(s) for 0 package(s) in 0.0082 seconds
2023-11-16 20:26:36,333 INFO: Skipped 64 package(s) because database(s) already exist.
2023-11-16 20:26:36,342 INFO: Applied queries for 0 package(s) in 0.0087 seconds
2023-11-16 20:26:36,342 INFO: Skipped 64 package(s) because result file(s) already exist.
2023-11-16 20:26:36,403 INFO: Saved result file of comparison of CodeQL sarif files to packages\debug\result_debug.txt
2023-11-16 22:26:11,802 INFO: Downloaded 0 package(s) in 0.0058 seconds
2023-11-16 22:26:11,802 INFO: Skipped 71 package(s) because they already exist.
2023-11-16 22:26:11,816 ERROR: Unpacking for file "debug-0.0.1.tgz" failed: Command '['7z', 'e', 'packages\\debug\\tgz\\debug-0.0.1.tgz', '-y', '-opackages\\debug\\tgz\\debug-0.0.1']' returned non-zero exit status 2.
2023-11-16 22:26:11,827 ERROR: Unpacking for file "debug-0.1.0.tgz" failed: Command '['7z', 'e', 'packages\\debug\\tgz\\debug-0.1.0.tgz', '-y', '-opackages\\debug\\tgz\\debug-0.1.0']' returned non-zero exit status 2.
2023-11-16 22:26:11,839 ERROR: Unpacking for file "debug-0.2.0.tgz" failed: Command '['7z', 'e', 'packages\\debug\\tgz\\debug-0.2.0.tgz', '-y', '-opackages\\debug\\tgz\\debug-0.2.0']' returned non-zero exit status 2.
2023-11-16 22:26:11,850 ERROR: Unpacking for file "debug-0.3.0.tgz" failed: Command '['7z', 'e', 'packages\\debug\\tgz\\debug-0.3.0.tgz', '-y', '-opackages\\debug\\tgz\\debug-0.3.0']' returned non-zero exit status 2.
2023-11-16 22:26:11,862 ERROR: Unpacking for file "debug-0.4.0.tgz" failed: Command '['7z', 'e', 'packages\\debug\\tgz\\debug-0.4.0.tgz', '-y', '-opackages\\debug\\tgz\\debug-0.4.0']' returned non-zero exit status 2.
2023-11-16 22:26:11,873 ERROR: Unpacking for file "debug-0.4.1.tgz" failed: Command '['7z', 'e', 'packages\\debug\\tgz\\debug-0.4.1.tgz', '-y', '-opackages\\debug\\tgz\\debug-0.4.1']' returned non-zero exit status 2.
2023-11-16 22:26:11,884 ERROR: Unpacking for file "debug-0.5.0.tgz" failed: Command '['7z', 'e', 'packages\\debug\\tgz\\debug-0.5.0.tgz', '-y', '-opackages\\debug\\tgz\\debug-0.5.0']' returned non-zero exit status 2.
2023-11-16 22:26:11,887 INFO: Unpacked 0 package(s) in 0.0846 seconds
2023-11-16 22:26:11,887 INFO: Skipped 64 package(s) because they already exist.
2023-11-16 22:26:11,895 INFO: Created database(s) for 0 package(s) in 0.0075 seconds
2023-11-16 22:26:11,895 INFO: Skipped 64 package(s) because database(s) already exist.
2023-11-16 22:26:11,903 INFO: Applied queries for 0 package(s) in 0.0081 seconds
2023-11-16 22:26:11,903 INFO: Skipped 64 package(s) because result file(s) already exist.
2023-11-16 22:26:11,964 INFO: Saved result file of comparison of CodeQL sarif files to packages\debug\result_debug.txt
2023-11-16 22:30:15,359 INFO: Downloaded 0 package(s) in 0.0057 seconds
2023-11-16 22:30:15,359 INFO: Skipped 71 package(s) because they already exist.
2023-11-16 22:30:15,372 ERROR: Unpacking for file "debug-0.0.1.tgz" failed: Command '['7z', 'e', 'packages\\debug\\tgz\\debug-0.0.1.tgz', '-y', '-opackages\\debug\\tgz\\debug-0.0.1']' returned non-zero exit status 2.
2023-11-16 22:30:15,383 ERROR: Unpacking for file "debug-0.1.0.tgz" failed: Command '['7z', 'e', 'packages\\debug\\tgz\\debug-0.1.0.tgz', '-y', '-opackages\\debug\\tgz\\debug-0.1.0']' returned non-zero exit status 2.
2023-11-16 22:30:15,395 ERROR: Unpacking for file "debug-0.2.0.tgz" failed: Command '['7z', 'e', 'packages\\debug\\tgz\\debug-0.2.0.tgz', '-y', '-opackages\\debug\\tgz\\debug-0.2.0']' returned non-zero exit status 2.
2023-11-16 22:30:15,406 ERROR: Unpacking for file "debug-0.3.0.tgz" failed: Command '['7z', 'e', 'packages\\debug\\tgz\\debug-0.3.0.tgz', '-y', '-opackages\\debug\\tgz\\debug-0.3.0']' returned non-zero exit status 2.
2023-11-16 22:30:15,417 ERROR: Unpacking for file "debug-0.4.0.tgz" failed: Command '['7z', 'e', 'packages\\debug\\tgz\\debug-0.4.0.tgz', '-y', '-opackages\\debug\\tgz\\debug-0.4.0']' returned non-zero exit status 2.
2023-11-16 22:30:15,428 ERROR: Unpacking for file "debug-0.4.1.tgz" failed: Command '['7z', 'e', 'packages\\debug\\tgz\\debug-0.4.1.tgz', '-y', '-opackages\\debug\\tgz\\debug-0.4.1']' returned non-zero exit status 2.
2023-11-16 22:30:15,439 ERROR: Unpacking for file "debug-0.5.0.tgz" failed: Command '['7z', 'e', 'packages\\debug\\tgz\\debug-0.5.0.tgz', '-y', '-opackages\\debug\\tgz\\debug-0.5.0']' returned non-zero exit status 2.
2023-11-16 22:30:15,443 INFO: Unpacked 0 package(s) in 0.0835 seconds
2023-11-16 22:30:15,443 INFO: Skipped 64 package(s) because they already exist.
2023-11-16 22:30:15,451 INFO: Created database(s) for 0 package(s) in 0.0077 seconds
2023-11-16 22:30:15,451 INFO: Skipped 64 package(s) because database(s) already exist.
2023-11-16 22:30:15,459 INFO: Applied queries for 0 package(s) in 0.0079 seconds
2023-11-16 22:30:15,459 INFO: Skipped 64 package(s) because result file(s) already exist.
2023-11-16 22:30:15,522 INFO: Saved result file of comparison of CodeQL sarif files to packages\debug\result_debug.txt
