2023-11-12 02:30:09,569 INFO: Downloaded 270 package(s) in 244.9586 seconds
2023-11-12 02:30:09,848 ERROR: Unpacking for file "express-0.14.0.tgz" failed: Command '['7z', 'x', 'packages\\express\\tgz\\express-0.14.0\\express-0.14.0.tar', '-y', '-opackages\\express\\unpacked\\express-0.14.0']' returned non-zero exit status 2.
2023-11-12 02:30:10,205 ERROR: Unpacking for file "express-0.14.1.tgz" failed: Command '['7z', 'x', 'packages\\express\\tgz\\express-0.14.1\\express-0.14.1.tar', '-y', '-opackages\\express\\unpacked\\express-0.14.1']' returned non-zero exit status 2.
2023-11-12 02:30:10,478 ERROR: Unpacking for file "express-1.0.0-beta.tgz" failed: Command '['7z', 'x', 'packages\\express\\tgz\\express-1.0.0-beta\\express-1.0.0-beta.tar', '-y', '-opackages\\express\\unpacked\\express-1.0.0-beta']' returned non-zero exit status 2.
2023-11-12 02:30:10,759 ERROR: Unpacking for file "express-1.0.0-beta2.tgz" failed: Command '['7z', 'x', 'packages\\express\\tgz\\express-1.0.0-beta2\\express-1.0.0-beta2.tar', '-y', '-opackages\\express\\unpacked\\express-1.0.0-beta2']' returned non-zero exit status 2.
2023-11-12 02:30:11,042 ERROR: Unpacking for file "express-1.0.0-rc.tgz" failed: Command '['7z', 'x', 'packages\\express\\tgz\\express-1.0.0-rc\\express-1.0.0-rc.tar', '-y', '-opackages\\express\\unpacked\\express-1.0.0-rc']' returned non-zero exit status 2.
2023-11-12 02:30:11,338 ERROR: Unpacking for file "express-1.0.0-rc2.tgz" failed: Command '['7z', 'x', 'packages\\express\\tgz\\express-1.0.0-rc2\\express-1.0.0-rc2.tar', '-y', '-opackages\\express\\unpacked\\express-1.0.0-rc2']' returned non-zero exit status 2.
2023-11-12 02:30:11,698 ERROR: Unpacking for file "express-1.0.0-rc3.tgz" failed: Command '['7z', 'x', 'packages\\express\\tgz\\express-1.0.0-rc3\\express-1.0.0-rc3.tar', '-y', '-opackages\\express\\unpacked\\express-1.0.0-rc3']' returned non-zero exit status 2.
2023-11-12 02:30:12,027 ERROR: Unpacking for file "express-1.0.0-rc4.tgz" failed: Command '['7z', 'x', 'packages\\express\\tgz\\express-1.0.0-rc4\\express-1.0.0-rc4.tar', '-y', '-opackages\\express\\unpacked\\express-1.0.0-rc4']' returned non-zero exit status 2.
2023-11-12 02:30:12,541 ERROR: Unpacking for file "express-1.0.0.tgz" failed: Command '['7z', 'x', 'packages\\express\\tgz\\express-1.0.0\\express-1.0.0.tar', '-y', '-opackages\\express\\unpacked\\express-1.0.0']' returned non-zero exit status 2.
2023-11-12 02:30:13,133 ERROR: Unpacking for file "express-1.0.1.tgz" failed: Command '['7z', 'x', 'packages\\express\\tgz\\express-1.0.1\\express-1.0.1.tar', '-y', '-opackages\\express\\unpacked\\express-1.0.1']' returned non-zero exit status 2.
2023-11-12 02:30:14,609 ERROR: Unpacking for file "express-2.5.1.tgz" failed: Command '['7z', 'e', 'packages\\express\\tgz\\express-2.5.1.tgz', '-y', '-opackages\\express\\tgz\\express-2.5.1']' returned non-zero exit status 2.
2023-11-12 02:30:14,688 ERROR: Unpacking for file "express-2.5.2.tgz" failed: Command '['7z', 'e', 'packages\\express\\tgz\\express-2.5.2.tgz', '-y', '-opackages\\express\\tgz\\express-2.5.2']' returned non-zero exit status 2.
2023-11-12 02:30:14,700 ERROR: Unpacking for file "express-2.5.3.tgz" failed: Command '['7z', 'e', 'packages\\express\\tgz\\express-2.5.3.tgz', '-y', '-opackages\\express\\tgz\\express-2.5.3']' returned non-zero exit status 2.
2023-11-12 02:30:14,711 ERROR: Unpacking for file "express-2.5.4.tgz" failed: Command '['7z', 'e', 'packages\\express\\tgz\\express-2.5.4.tgz', '-y', '-opackages\\express\\tgz\\express-2.5.4']' returned non-zero exit status 2.
2023-11-12 02:30:14,722 ERROR: Unpacking for file "express-2.5.5.tgz" failed: Command '['7z', 'e', 'packages\\express\\tgz\\express-2.5.5.tgz', '-y', '-opackages\\express\\tgz\\express-2.5.5']' returned non-zero exit status 2.
2023-11-12 02:30:14,734 ERROR: Unpacking for file "express-2.5.6.tgz" failed: Command '['7z', 'e', 'packages\\express\\tgz\\express-2.5.6.tgz', '-y', '-opackages\\express\\tgz\\express-2.5.6']' returned non-zero exit status 2.
2023-11-12 02:30:14,746 ERROR: Unpacking for file "express-2.5.7.tgz" failed: Command '['7z', 'e', 'packages\\express\\tgz\\express-2.5.7.tgz', '-y', '-opackages\\express\\tgz\\express-2.5.7']' returned non-zero exit status 2.
2023-11-12 02:30:14,758 ERROR: Unpacking for file "express-2.5.8.tgz" failed: Command '['7z', 'e', 'packages\\express\\tgz\\express-2.5.8.tgz', '-y', '-opackages\\express\\tgz\\express-2.5.8']' returned non-zero exit status 2.
2023-11-12 02:30:21,203 INFO: Unpacked 252 package(s) in 11.6323 seconds
2023-11-12 02:49:46,558 INFO: Created database(s) for 262 package(s) in 1165.3546 seconds
2023-11-12 04:50:16,555 INFO: Applied queries for 262 package(s) in 7229.9951 seconds
2023-11-12 04:50:16,935 INFO: Saved result file of comparison of CodeQL sarif files to packages\express\result_express.txt
2023-11-15 11:03:25,436 INFO: Downloaded 0 package(s) in 0.0199 seconds
2023-11-15 11:03:25,437 INFO: Skipped 270 package(s) because they already exist.
2023-11-15 11:03:25,457 ERROR: Unpacking for file "express-2.5.1.tgz" failed: Command '['7z', 'e', 'packages\\express\\tgz\\express-2.5.1.tgz', '-y', '-opackages\\express\\tgz\\express-2.5.1']' returned non-zero exit status 2.
2023-11-15 11:03:25,470 ERROR: Unpacking for file "express-2.5.2.tgz" failed: Command '['7z', 'e', 'packages\\express\\tgz\\express-2.5.2.tgz', '-y', '-opackages\\express\\tgz\\express-2.5.2']' returned non-zero exit status 2.
2023-11-15 11:03:25,482 ERROR: Unpacking for file "express-2.5.3.tgz" failed: Command '['7z', 'e', 'packages\\express\\tgz\\express-2.5.3.tgz', '-y', '-opackages\\express\\tgz\\express-2.5.3']' returned non-zero exit status 2.
2023-11-15 11:03:25,495 ERROR: Unpacking for file "express-2.5.4.tgz" failed: Command '['7z', 'e', 'packages\\express\\tgz\\express-2.5.4.tgz', '-y', '-opackages\\express\\tgz\\express-2.5.4']' returned non-zero exit status 2.
2023-11-15 11:03:25,508 ERROR: Unpacking for file "express-2.5.5.tgz" failed: Command '['7z', 'e', 'packages\\express\\tgz\\express-2.5.5.tgz', '-y', '-opackages\\express\\tgz\\express-2.5.5']' returned non-zero exit status 2.
2023-11-15 11:03:25,520 ERROR: Unpacking for file "express-2.5.6.tgz" failed: Command '['7z', 'e', 'packages\\express\\tgz\\express-2.5.6.tgz', '-y', '-opackages\\express\\tgz\\express-2.5.6']' returned non-zero exit status 2.
2023-11-15 11:03:25,533 ERROR: Unpacking for file "express-2.5.7.tgz" failed: Command '['7z', 'e', 'packages\\express\\tgz\\express-2.5.7.tgz', '-y', '-opackages\\express\\tgz\\express-2.5.7']' returned non-zero exit status 2.
2023-11-15 11:03:25,546 ERROR: Unpacking for file "express-2.5.8.tgz" failed: Command '['7z', 'e', 'packages\\express\\tgz\\express-2.5.8.tgz', '-y', '-opackages\\express\\tgz\\express-2.5.8']' returned non-zero exit status 2.
2023-11-15 11:03:25,554 INFO: Unpacked 0 package(s) in 0.1163 seconds
2023-11-15 11:03:25,554 INFO: Skipped 262 package(s) because they already exist.
2023-11-15 11:03:25,579 INFO: Created database(s) for 0 package(s) in 0.0245 seconds
2023-11-15 11:03:25,579 INFO: Skipped 262 package(s) because database(s) already exist.
2023-11-15 11:03:25,611 INFO: Applied queries for 0 package(s) in 0.0322 seconds
2023-11-15 11:03:25,611 INFO: Skipped 262 package(s) because result file(s) already exist.
2023-11-15 11:03:26,038 INFO: Saved result file of comparison of CodeQL sarif files to packages\express\result_express.txt
2023-11-15 18:30:25,280 INFO: Downloaded 0 package(s) in 0.0235 seconds
2023-11-15 18:30:25,281 INFO: Skipped 270 package(s) because they already exist.
2023-11-15 18:30:25,316 ERROR: Unpacking for file "express-2.5.1.tgz" failed: Command '['7z', 'e', 'packages\\express\\tgz\\express-2.5.1.tgz', '-y', '-opackages\\express\\tgz\\express-2.5.1']' returned non-zero exit status 2.
2023-11-15 18:30:25,330 ERROR: Unpacking for file "express-2.5.2.tgz" failed: Command '['7z', 'e', 'packages\\express\\tgz\\express-2.5.2.tgz', '-y', '-opackages\\express\\tgz\\express-2.5.2']' returned non-zero exit status 2.
2023-11-15 18:30:25,343 ERROR: Unpacking for file "express-2.5.3.tgz" failed: Command '['7z', 'e', 'packages\\express\\tgz\\express-2.5.3.tgz', '-y', '-opackages\\express\\tgz\\express-2.5.3']' returned non-zero exit status 2.
2023-11-15 18:30:25,356 ERROR: Unpacking for file "express-2.5.4.tgz" failed: Command '['7z', 'e', 'packages\\express\\tgz\\express-2.5.4.tgz', '-y', '-opackages\\express\\tgz\\express-2.5.4']' returned non-zero exit status 2.
2023-11-15 18:30:25,370 ERROR: Unpacking for file "express-2.5.5.tgz" failed: Command '['7z', 'e', 'packages\\express\\tgz\\express-2.5.5.tgz', '-y', '-opackages\\express\\tgz\\express-2.5.5']' returned non-zero exit status 2.
2023-11-15 18:30:25,385 ERROR: Unpacking for file "express-2.5.6.tgz" failed: Command '['7z', 'e', 'packages\\express\\tgz\\express-2.5.6.tgz', '-y', '-opackages\\express\\tgz\\express-2.5.6']' returned non-zero exit status 2.
2023-11-15 18:30:25,398 ERROR: Unpacking for file "express-2.5.7.tgz" failed: Command '['7z', 'e', 'packages\\express\\tgz\\express-2.5.7.tgz', '-y', '-opackages\\express\\tgz\\express-2.5.7']' returned non-zero exit status 2.
2023-11-15 18:30:25,412 ERROR: Unpacking for file "express-2.5.8.tgz" failed: Command '['7z', 'e', 'packages\\express\\tgz\\express-2.5.8.tgz', '-y', '-opackages\\express\\tgz\\express-2.5.8']' returned non-zero exit status 2.
2023-11-15 18:30:25,420 INFO: Unpacked 0 package(s) in 0.1380 seconds
2023-11-15 18:30:25,420 INFO: Skipped 262 package(s) because they already exist.
2023-11-15 18:30:25,450 INFO: Created database(s) for 0 package(s) in 0.0298 seconds
2023-11-15 18:30:25,450 INFO: Skipped 262 package(s) because database(s) already exist.
2023-11-15 18:30:25,493 INFO: Applied queries for 0 package(s) in 0.0418 seconds
2023-11-15 18:30:25,493 INFO: Skipped 262 package(s) because result file(s) already exist.
2023-11-15 18:30:26,002 INFO: Saved result file of comparison of CodeQL sarif files to packages\express\result_express.txt
