2023-11-11 22:40:48,449 INFO: Downloaded 38 package(s) in 10.9520 seconds
2023-11-11 22:40:49,362 INFO: Unpacked 38 package(s) in 0.9116 seconds
2023-11-11 22:43:33,130 INFO: Created database(s) for 38 package(s) in 163.7664 seconds
2023-11-11 23:00:40,583 INFO: Applied queries for 38 package(s) in 1027.4519 seconds
2023-11-11 23:00:40,624 INFO: Saved result file of comparison of CodeQL sarif files to packages\chalk\result_chalk.txt
2023-11-12 21:13:00,392 INFO: Downloaded 0 package(s) in 0.0058 seconds
2023-11-12 21:13:00,392 INFO: Skipped 38 package(s) because they already exist.
2023-11-12 21:13:00,394 INFO: Unpacked 0 package(s) in 0.0021 seconds
2023-11-12 21:13:00,394 INFO: Skipped 38 package(s) because they already exist.
2023-11-12 21:13:00,399 INFO: Created database(s) for 0 package(s) in 0.0055 seconds
2023-11-12 21:13:00,400 INFO: Skipped 38 package(s) because database(s) already exist.
2023-11-12 21:13:00,405 INFO: Applied queries for 0 package(s) in 0.0056 seconds
2023-11-12 21:13:00,405 INFO: Skipped 38 package(s) because result file(s) already exist.
2023-11-12 21:13:00,482 INFO: Saved result file of comparison of CodeQL sarif files to packages\chalk\result_chalk.txt
2023-11-15 11:04:24,745 INFO: Downloaded 0 package(s) in 0.0060 seconds
2023-11-15 11:04:24,746 INFO: Skipped 38 package(s) because they already exist.
2023-11-15 11:04:24,748 INFO: Unpacked 0 package(s) in 0.0021 seconds
2023-11-15 11:04:24,748 INFO: Skipped 38 package(s) because they already exist.
2023-11-15 11:04:24,754 INFO: Created database(s) for 0 package(s) in 0.0057 seconds
2023-11-15 11:04:24,755 INFO: Skipped 38 package(s) because database(s) already exist.
2023-11-15 11:04:24,759 INFO: Applied queries for 0 package(s) in 0.0054 seconds
2023-11-15 11:04:24,759 INFO: Skipped 38 package(s) because result file(s) already exist.
2023-11-15 11:04:24,808 INFO: Saved result file of comparison of CodeQL sarif files to packages\chalk\result_chalk.txt
2023-11-15 18:30:40,966 INFO: Downloaded 0 package(s) in 0.0033 seconds
2023-11-15 18:30:40,966 INFO: Skipped 38 package(s) because they already exist.
2023-11-15 18:30:40,969 INFO: Unpacked 0 package(s) in 0.0022 seconds
2023-11-15 18:30:40,969 INFO: Skipped 38 package(s) because they already exist.
2023-11-15 18:30:40,974 INFO: Created database(s) for 0 package(s) in 0.0047 seconds
2023-11-15 18:30:40,974 INFO: Skipped 38 package(s) because database(s) already exist.
2023-11-15 18:30:40,980 INFO: Applied queries for 0 package(s) in 0.0057 seconds
2023-11-15 18:30:40,980 INFO: Skipped 38 package(s) because result file(s) already exist.
2023-11-15 18:30:41,028 INFO: Saved result file of comparison of CodeQL sarif files to packages\chalk\result_chalk.txt
