2023-11-11 20:31:14,461 INFO: Downloaded 223 package(s) in 236.8062 seconds
2023-11-11 20:31:25,815 INFO: Unpacked 223 package(s) in 11.3522 seconds
2023-11-11 20:50:18,814 INFO: Created database(s) for 223 package(s) in 1132.9978 seconds
2023-11-11 22:35:04,840 INFO: Applied queries for 223 package(s) in 6286.0255 seconds
2023-11-11 22:35:05,184 INFO: Saved result file of comparison of CodeQL sarif files to packages\bluebird\result_bluebird.txt
2023-11-12 13:45:48,137 INFO: Downloaded 0 package(s) in 0.0156 seconds
2023-11-12 13:45:48,137 INFO: Skipped 223 package(s) because they already exist.
2023-11-12 13:45:48,149 INFO: Unpacked 0 package(s) in 0.0116 seconds
2023-11-12 13:45:48,149 INFO: Skipped 223 package(s) because they already exist.
2023-11-12 13:45:48,173 INFO: Created database(s) for 0 package(s) in 0.0242 seconds
2023-11-12 13:45:48,173 INFO: Skipped 223 package(s) because database(s) already exist.
2023-11-12 13:45:48,199 INFO: Applied queries for 0 package(s) in 0.0260 seconds
2023-11-12 13:45:48,199 INFO: Skipped 223 package(s) because result file(s) already exist.
2023-11-12 13:45:48,625 INFO: Saved result file of comparison of CodeQL sarif files to packages\bluebird\result_bluebird.txt
2023-11-15 11:04:19,239 INFO: Downloaded 0 package(s) in 0.0192 seconds
2023-11-15 11:04:19,239 INFO: Skipped 223 package(s) because they already exist.
2023-11-15 11:04:19,255 INFO: Unpacked 0 package(s) in 0.0149 seconds
2023-11-15 11:04:19,255 INFO: Skipped 223 package(s) because they already exist.
2023-11-15 11:04:19,285 INFO: Created database(s) for 0 package(s) in 0.0296 seconds
2023-11-15 11:04:19,285 INFO: Skipped 223 package(s) because database(s) already exist.
2023-11-15 11:04:19,318 INFO: Applied queries for 0 package(s) in 0.0330 seconds
2023-11-15 11:04:19,318 INFO: Skipped 223 package(s) because result file(s) already exist.
2023-11-15 11:04:20,432 INFO: Saved result file of comparison of CodeQL sarif files to packages\bluebird\result_bluebird.txt
2023-11-15 18:30:36,222 INFO: Downloaded 0 package(s) in 0.0170 seconds
2023-11-15 18:30:36,222 INFO: Skipped 223 package(s) because they already exist.
2023-11-15 18:30:36,236 INFO: Unpacked 0 package(s) in 0.0131 seconds
2023-11-15 18:30:36,236 INFO: Skipped 223 package(s) because they already exist.
2023-11-15 18:30:36,263 INFO: Created database(s) for 0 package(s) in 0.0261 seconds
2023-11-15 18:30:36,263 INFO: Skipped 223 package(s) because database(s) already exist.
2023-11-15 18:30:36,297 INFO: Applied queries for 0 package(s) in 0.0334 seconds
2023-11-15 18:30:36,297 INFO: Skipped 223 package(s) because result file(s) already exist.
2023-11-15 18:30:36,709 INFO: Saved result file of comparison of CodeQL sarif files to packages\bluebird\result_bluebird.txt
2023-11-16 20:26:41,386 INFO: Downloaded 0 package(s) in 0.0247 seconds
2023-11-16 20:26:41,386 INFO: Skipped 223 package(s) because they already exist.
2023-11-16 20:26:41,400 INFO: Unpacked 0 package(s) in 0.0137 seconds
2023-11-16 20:26:41,401 INFO: Skipped 223 package(s) because they already exist.
2023-11-16 20:26:41,430 INFO: Created database(s) for 0 package(s) in 0.0282 seconds
2023-11-16 20:26:41,430 INFO: Skipped 223 package(s) because database(s) already exist.
2023-11-16 20:26:41,457 INFO: Applied queries for 0 package(s) in 0.0270 seconds
2023-11-16 20:26:41,457 INFO: Skipped 223 package(s) because result file(s) already exist.
2023-11-16 20:26:41,790 INFO: Saved result file of comparison of CodeQL sarif files to packages\bluebird\result_bluebird.txt
2023-11-16 22:26:17,739 INFO: Downloaded 0 package(s) in 0.0163 seconds
2023-11-16 22:26:17,740 INFO: Skipped 223 package(s) because they already exist.
2023-11-16 22:26:17,753 INFO: Unpacked 0 package(s) in 0.0125 seconds
2023-11-16 22:26:17,753 INFO: Skipped 223 package(s) because they already exist.
2023-11-16 22:26:17,778 INFO: Created database(s) for 0 package(s) in 0.0251 seconds
2023-11-16 22:26:17,779 INFO: Skipped 223 package(s) because database(s) already exist.
2023-11-16 22:26:17,803 INFO: Applied queries for 0 package(s) in 0.0244 seconds
2023-11-16 22:26:17,803 INFO: Skipped 223 package(s) because result file(s) already exist.
2023-11-16 22:26:18,137 INFO: Saved result file of comparison of CodeQL sarif files to packages\bluebird\result_bluebird.txt
2023-11-16 22:30:19,869 INFO: Downloaded 0 package(s) in 0.0158 seconds
2023-11-16 22:30:19,869 INFO: Skipped 223 package(s) because they already exist.
2023-11-16 22:30:19,882 INFO: Unpacked 0 package(s) in 0.0123 seconds
2023-11-16 22:30:19,882 INFO: Skipped 223 package(s) because they already exist.
2023-11-16 22:30:19,908 INFO: Created database(s) for 0 package(s) in 0.0255 seconds
2023-11-16 22:30:19,908 INFO: Skipped 223 package(s) because database(s) already exist.
2023-11-16 22:30:19,933 INFO: Applied queries for 0 package(s) in 0.0246 seconds
2023-11-16 22:30:19,933 INFO: Skipped 223 package(s) because result file(s) already exist.
2023-11-16 22:30:20,266 INFO: Saved result file of comparison of CodeQL sarif files to packages\bluebird\result_bluebird.txt
