2023-11-12 19:36:15,452 INFO: Downloaded 37 package(s) in 13.1561 seconds
2023-11-12 19:36:16,842 INFO: Unpacked 37 package(s) in 1.3883 seconds
2023-11-12 19:38:58,830 INFO: Created database(s) for 37 package(s) in 161.9870 seconds
2023-11-12 19:55:54,529 INFO: Applied queries for 37 package(s) in 1015.6982 seconds
2023-11-12 19:55:54,581 INFO: Saved result file of comparison of CodeQL sarif files to packages\uuid\result_uuid.txt
2023-11-15 11:04:23,674 INFO: Downloaded 0 package(s) in 0.0054 seconds
2023-11-15 11:04:23,674 INFO: Skipped 37 package(s) because they already exist.
2023-11-15 11:04:23,677 INFO: Unpacked 0 package(s) in 0.0021 seconds
2023-11-15 11:04:23,677 INFO: Skipped 37 package(s) because they already exist.
2023-11-15 11:04:23,682 INFO: Created database(s) for 0 package(s) in 0.0042 seconds
2023-11-15 11:04:23,682 INFO: Skipped 37 package(s) because database(s) already exist.
2023-11-15 11:04:23,688 INFO: Applied queries for 0 package(s) in 0.0061 seconds
2023-11-15 11:04:23,688 INFO: Skipped 37 package(s) because result file(s) already exist.
2023-11-15 11:04:23,748 INFO: Saved result file of comparison of CodeQL sarif files to packages\uuid\result_uuid.txt
2023-11-15 18:30:39,853 INFO: Downloaded 0 package(s) in 0.0041 seconds
2023-11-15 18:30:39,853 INFO: Skipped 37 package(s) because they already exist.
2023-11-15 18:30:39,855 INFO: Unpacked 0 package(s) in 0.0019 seconds
2023-11-15 18:30:39,855 INFO: Skipped 37 package(s) because they already exist.
2023-11-15 18:30:39,860 INFO: Created database(s) for 0 package(s) in 0.0042 seconds
2023-11-15 18:30:39,860 INFO: Skipped 37 package(s) because database(s) already exist.
2023-11-15 18:30:39,865 INFO: Applied queries for 0 package(s) in 0.0051 seconds
2023-11-15 18:30:39,865 INFO: Skipped 37 package(s) because result file(s) already exist.
2023-11-15 18:30:39,923 INFO: Saved result file of comparison of CodeQL sarif files to packages\uuid\result_uuid.txt
