2023-11-12 07:48:28,581 INFO: Downloaded 114 package(s) in 117.6134 seconds
2023-11-12 07:48:55,930 INFO: Unpacked 114 package(s) in 27.3463 seconds
2023-11-12 08:02:06,520 INFO: Created database(s) for 114 package(s) in 790.5887 seconds
2023-11-12 09:01:34,448 INFO: Applied queries for 114 package(s) in 3567.9272 seconds
2023-11-12 09:01:34,790 INFO: Saved result file of comparison of CodeQL sarif files to packages\lodash\result_lodash.txt
2023-11-15 11:03:27,648 INFO: Downloaded 0 package(s) in 0.0118 seconds
2023-11-15 11:03:27,648 INFO: Skipped 114 package(s) because they already exist.
2023-11-15 11:03:27,653 INFO: Unpacked 0 package(s) in 0.0055 seconds
2023-11-15 11:03:27,653 INFO: Skipped 114 package(s) because they already exist.
2023-11-15 11:03:27,667 INFO: Created database(s) for 0 package(s) in 0.0135 seconds
2023-11-15 11:03:27,667 INFO: Skipped 114 package(s) because database(s) already exist.
2023-11-15 11:03:27,687 INFO: Applied queries for 0 package(s) in 0.0201 seconds
2023-11-15 11:03:27,687 INFO: Skipped 114 package(s) because result file(s) already exist.
2023-11-15 11:03:28,082 INFO: Saved result file of comparison of CodeQL sarif files to packages\lodash\result_lodash.txt
2023-11-15 18:30:27,604 INFO: Downloaded 0 package(s) in 0.0079 seconds
2023-11-15 18:30:27,605 INFO: Skipped 114 package(s) because they already exist.
2023-11-15 18:30:27,611 INFO: Unpacked 0 package(s) in 0.0057 seconds
2023-11-15 18:30:27,611 INFO: Skipped 114 package(s) because they already exist.
2023-11-15 18:30:27,625 INFO: Created database(s) for 0 package(s) in 0.0142 seconds
2023-11-15 18:30:27,625 INFO: Skipped 114 package(s) because database(s) already exist.
2023-11-15 18:30:27,644 INFO: Applied queries for 0 package(s) in 0.0184 seconds
2023-11-15 18:30:27,644 INFO: Skipped 114 package(s) because result file(s) already exist.
2023-11-15 18:30:28,084 INFO: Saved result file of comparison of CodeQL sarif files to packages\lodash\result_lodash.txt
