2023-11-12 04:58:45,929 INFO: Downloaded 158 package(s) in 508.1949 seconds
2023-11-12 04:58:45,940 INFO: Additional local package 'pm-controls-1.1.8.tgz' has been copied successfully.
2023-11-12 05:06:59,997 INFO: Unpacked 159 package(s) in 494.0558 seconds
2023-11-12 06:05:31,403 INFO: Created database(s) for 159 package(s) in 3511.4047 seconds
2023-11-12 07:46:30,276 INFO: Applied queries for 159 package(s) in 6058.8713 seconds
2023-11-12 07:46:30,822 INFO: Saved result file of comparison of CodeQL sarif files to packages\pm-controls\result_pm-controls.txt
2023-11-15 11:03:26,911 INFO: Downloaded 0 package(s) in 0.0244 seconds
2023-11-15 11:03:26,911 INFO: Skipped 158 package(s) because they already exist.
2023-11-15 11:03:26,912 INFO: Additional local package is already existing at target.
2023-11-15 11:03:26,924 INFO: Unpacked 0 package(s) in 0.0117 seconds
2023-11-15 11:03:26,924 INFO: Skipped 159 package(s) because they already exist.
2023-11-15 11:03:26,939 INFO: Created database(s) for 0 package(s) in 0.0150 seconds
2023-11-15 11:03:26,939 INFO: Skipped 159 package(s) because database(s) already exist.
2023-11-15 11:03:26,960 INFO: Applied queries for 0 package(s) in 0.0202 seconds
2023-11-15 11:03:26,960 INFO: Skipped 159 package(s) because result file(s) already exist.
2023-11-15 11:03:27,502 INFO: Saved result file of comparison of CodeQL sarif files to packages\pm-controls\result_pm-controls.txt
2023-11-15 18:30:26,835 INFO: Downloaded 0 package(s) in 0.0138 seconds
2023-11-15 18:30:26,837 INFO: Skipped 158 package(s) because they already exist.
2023-11-15 18:30:26,837 INFO: Additional local package is already existing at target.
2023-11-15 18:30:26,851 INFO: Unpacked 0 package(s) in 0.0131 seconds
2023-11-15 18:30:26,851 INFO: Skipped 159 package(s) because they already exist.
2023-11-15 18:30:26,870 INFO: Created database(s) for 0 package(s) in 0.0189 seconds
2023-11-15 18:30:26,870 INFO: Skipped 159 package(s) because database(s) already exist.
2023-11-15 18:30:26,896 INFO: Applied queries for 0 package(s) in 0.0253 seconds
2023-11-15 18:30:26,896 INFO: Skipped 159 package(s) because result file(s) already exist.
2023-11-15 18:30:27,477 INFO: Saved result file of comparison of CodeQL sarif files to packages\pm-controls\result_pm-controls.txt
2023-11-16 20:26:32,663 INFO: Downloaded 0 package(s) in 0.0206 seconds
2023-11-16 20:26:32,663 INFO: Skipped 158 package(s) because they already exist.
2023-11-16 20:26:32,664 INFO: Additional local package is already existing at target.
2023-11-16 20:26:32,679 INFO: Unpacked 0 package(s) in 0.0154 seconds
2023-11-16 20:26:32,679 INFO: Skipped 159 package(s) because they already exist.
2023-11-16 20:26:32,699 INFO: Created database(s) for 0 package(s) in 0.0188 seconds
2023-11-16 20:26:32,699 INFO: Skipped 159 package(s) because database(s) already exist.
2023-11-16 20:26:32,718 INFO: Applied queries for 0 package(s) in 0.0183 seconds
2023-11-16 20:26:32,718 INFO: Skipped 159 package(s) because result file(s) already exist.
2023-11-16 20:26:33,157 INFO: Saved result file of comparison of CodeQL sarif files to packages\pm-controls\result_pm-controls.txt
2023-11-16 22:26:08,359 INFO: Downloaded 0 package(s) in 0.0129 seconds
2023-11-16 22:26:08,359 INFO: Skipped 158 package(s) because they already exist.
2023-11-16 22:26:08,359 INFO: Additional local package is already existing at target.
2023-11-16 22:26:08,374 INFO: Unpacked 0 package(s) in 0.0144 seconds
2023-11-16 22:26:08,375 INFO: Skipped 159 package(s) because they already exist.
2023-11-16 22:26:08,393 INFO: Created database(s) for 0 package(s) in 0.0183 seconds
2023-11-16 22:26:08,393 INFO: Skipped 159 package(s) because database(s) already exist.
2023-11-16 22:26:08,412 INFO: Applied queries for 0 package(s) in 0.0187 seconds
2023-11-16 22:26:08,412 INFO: Skipped 159 package(s) because result file(s) already exist.
2023-11-16 22:26:08,847 INFO: Saved result file of comparison of CodeQL sarif files to packages\pm-controls\result_pm-controls.txt
2023-11-16 22:30:12,209 INFO: Downloaded 0 package(s) in 0.0127 seconds
2023-11-16 22:30:12,209 INFO: Skipped 158 package(s) because they already exist.
2023-11-16 22:30:12,209 INFO: Additional local package is already existing at target.
2023-11-16 22:30:12,224 INFO: Unpacked 0 package(s) in 0.0143 seconds
2023-11-16 22:30:12,224 INFO: Skipped 159 package(s) because they already exist.
2023-11-16 22:30:12,242 INFO: Created database(s) for 0 package(s) in 0.0182 seconds
2023-11-16 22:30:12,243 INFO: Skipped 159 package(s) because database(s) already exist.
2023-11-16 22:30:12,260 INFO: Applied queries for 0 package(s) in 0.0171 seconds
2023-11-16 22:30:12,260 INFO: Skipped 159 package(s) because result file(s) already exist.
2023-11-16 22:30:12,695 INFO: Saved result file of comparison of CodeQL sarif files to packages\pm-controls\result_pm-controls.txt
