2023-11-12 12:44:04,635 INFO: Downloaded 95 package(s) in 55.4834 seconds
2023-11-12 12:44:04,651 ERROR: Unpacking for file "fs-extra-0.0.1.tgz" failed: Command '['7z', 'e', 'packages\\fs-extra\\tgz\\fs-extra-0.0.1.tgz', '-y', '-opackages\\fs-extra\\tgz\\fs-extra-0.0.1']' returned non-zero exit status 2.
2023-11-12 12:44:04,663 ERROR: Unpacking for file "fs-extra-0.0.11.tgz" failed: Command '['7z', 'e', 'packages\\fs-extra\\tgz\\fs-extra-0.0.11.tgz', '-y', '-opackages\\fs-extra\\tgz\\fs-extra-0.0.11']' returned non-zero exit status 2.
2023-11-12 12:44:07,898 INFO: Unpacked 93 package(s) in 3.2614 seconds
2023-11-12 12:50:39,975 INFO: Created database(s) for 93 package(s) in 392.0769 seconds
2023-11-12 13:33:00,151 INFO: Applied queries for 93 package(s) in 2540.1740 seconds
2023-11-12 13:33:00,257 INFO: Saved result file of comparison of CodeQL sarif files to packages\fs-extra\result_fs-extra.txt
2023-11-15 11:04:18,750 INFO: Downloaded 0 package(s) in 0.0106 seconds
2023-11-15 11:04:18,751 INFO: Skipped 95 package(s) because they already exist.
2023-11-15 11:04:18,766 ERROR: Unpacking for file "fs-extra-0.0.1.tgz" failed: Command '['7z', 'e', 'packages\\fs-extra\\tgz\\fs-extra-0.0.1.tgz', '-y', '-opackages\\fs-extra\\tgz\\fs-extra-0.0.1']' returned non-zero exit status 2.
2023-11-15 11:04:18,779 ERROR: Unpacking for file "fs-extra-0.0.11.tgz" failed: Command '['7z', 'e', 'packages\\fs-extra\\tgz\\fs-extra-0.0.11.tgz', '-y', '-opackages\\fs-extra\\tgz\\fs-extra-0.0.11']' returned non-zero exit status 2.
2023-11-15 11:04:18,785 INFO: Unpacked 0 package(s) in 0.0342 seconds
2023-11-15 11:04:18,786 INFO: Skipped 93 package(s) because they already exist.
2023-11-15 11:04:18,800 INFO: Created database(s) for 0 package(s) in 0.0142 seconds
2023-11-15 11:04:18,800 INFO: Skipped 93 package(s) because database(s) already exist.
2023-11-15 11:04:18,818 INFO: Applied queries for 0 package(s) in 0.0178 seconds
2023-11-15 11:04:18,818 INFO: Skipped 93 package(s) because result file(s) already exist.
2023-11-15 11:04:18,939 INFO: Saved result file of comparison of CodeQL sarif files to packages\fs-extra\result_fs-extra.txt
2023-11-15 18:30:35,691 INFO: Downloaded 0 package(s) in 0.0070 seconds
2023-11-15 18:30:35,691 INFO: Skipped 95 package(s) because they already exist.
2023-11-15 18:30:35,706 ERROR: Unpacking for file "fs-extra-0.0.1.tgz" failed: Command '['7z', 'e', 'packages\\fs-extra\\tgz\\fs-extra-0.0.1.tgz', '-y', '-opackages\\fs-extra\\tgz\\fs-extra-0.0.1']' returned non-zero exit status 2.
2023-11-15 18:30:35,718 ERROR: Unpacking for file "fs-extra-0.0.11.tgz" failed: Command '['7z', 'e', 'packages\\fs-extra\\tgz\\fs-extra-0.0.11.tgz', '-y', '-opackages\\fs-extra\\tgz\\fs-extra-0.0.11']' returned non-zero exit status 2.
2023-11-15 18:30:35,723 INFO: Unpacked 0 package(s) in 0.0320 seconds
2023-11-15 18:30:35,724 INFO: Skipped 93 package(s) because they already exist.
2023-11-15 18:30:35,740 INFO: Created database(s) for 0 package(s) in 0.0158 seconds
2023-11-15 18:30:35,740 INFO: Skipped 93 package(s) because database(s) already exist.
2023-11-15 18:30:35,759 INFO: Applied queries for 0 package(s) in 0.0193 seconds
2023-11-15 18:30:35,759 INFO: Skipped 93 package(s) because result file(s) already exist.
2023-11-15 18:30:35,888 INFO: Saved result file of comparison of CodeQL sarif files to packages\fs-extra\result_fs-extra.txt
