2023-11-12 13:33:12,476 INFO: Downloaded 24 package(s) in 12.0784 seconds
2023-11-12 13:33:13,105 INFO: Unpacked 24 package(s) in 0.6289 seconds
2023-11-12 13:34:54,418 INFO: Created database(s) for 24 package(s) in 101.3110 seconds
2023-11-12 13:45:47,681 INFO: Applied queries for 24 package(s) in 653.2620 seconds
2023-11-12 13:45:47,709 INFO: Saved result file of comparison of CodeQL sarif files to packages\prop-types\result_prop-types.txt
2023-11-15 11:04:19,049 INFO: Downloaded 0 package(s) in 0.0029 seconds
2023-11-15 11:04:19,049 INFO: Skipped 24 package(s) because they already exist.
2023-11-15 11:04:19,051 INFO: Unpacked 0 package(s) in 0.0015 seconds
2023-11-15 11:04:19,051 INFO: Skipped 24 package(s) because they already exist.
2023-11-15 11:04:19,054 INFO: Created database(s) for 0 package(s) in 0.0029 seconds
2023-11-15 11:04:19,054 INFO: Skipped 24 package(s) because database(s) already exist.
2023-11-15 11:04:19,058 INFO: Applied queries for 0 package(s) in 0.0037 seconds
2023-11-15 11:04:19,058 INFO: Skipped 24 package(s) because result file(s) already exist.
2023-11-15 11:04:19,091 INFO: Saved result file of comparison of CodeQL sarif files to packages\prop-types\result_prop-types.txt
2023-11-15 18:30:36,011 INFO: Downloaded 0 package(s) in 0.0022 seconds
2023-11-15 18:30:36,012 INFO: Skipped 24 package(s) because they already exist.
2023-11-15 18:30:36,013 INFO: Unpacked 0 package(s) in 0.0014 seconds
2023-11-15 18:30:36,013 INFO: Skipped 24 package(s) because they already exist.
2023-11-15 18:30:36,017 INFO: Created database(s) for 0 package(s) in 0.0033 seconds
2023-11-15 18:30:36,017 INFO: Skipped 24 package(s) because database(s) already exist.
2023-11-15 18:30:36,021 INFO: Applied queries for 0 package(s) in 0.0036 seconds
2023-11-15 18:30:36,021 INFO: Skipped 24 package(s) because result file(s) already exist.
2023-11-15 18:30:36,054 INFO: Saved result file of comparison of CodeQL sarif files to packages\prop-types\result_prop-types.txt
