2023-11-12 11:20:11,412 INFO: Downloaded 33 package(s) in 32.1312 seconds
2023-11-12 11:20:11,415 INFO: Additional local package 'rpc-websocket-0.7.11.tgz' has been copied successfully.
2023-11-12 11:20:12,819 INFO: Unpacked 34 package(s) in 1.4041 seconds
2023-11-12 11:22:45,379 INFO: Created database(s) for 34 package(s) in 152.5590 seconds
2023-11-12 11:38:24,579 INFO: Applied queries for 34 package(s) in 939.1984 seconds
2023-11-12 11:38:24,625 INFO: Saved result file of comparison of CodeQL sarif files to packages\rpc-websocket\result_rpc-websocket.txt
2023-11-15 11:04:13,180 INFO: Downloaded 0 package(s) in 0.0037 seconds
2023-11-15 11:04:13,180 INFO: Skipped 33 package(s) because they already exist.
2023-11-15 11:04:13,181 INFO: Additional local package is already existing at target.
2023-11-15 11:04:13,183 INFO: Unpacked 0 package(s) in 0.0021 seconds
2023-11-15 11:04:13,183 INFO: Skipped 34 package(s) because they already exist.
2023-11-15 11:04:13,188 INFO: Created database(s) for 0 package(s) in 0.0046 seconds
2023-11-15 11:04:13,188 INFO: Skipped 34 package(s) because database(s) already exist.
2023-11-15 11:04:13,194 INFO: Applied queries for 0 package(s) in 0.0059 seconds
2023-11-15 11:04:13,194 INFO: Skipped 34 package(s) because result file(s) already exist.
2023-11-15 11:04:13,246 INFO: Saved result file of comparison of CodeQL sarif files to packages\rpc-websocket\result_rpc-websocket.txt
2023-11-15 18:30:31,671 INFO: Downloaded 0 package(s) in 0.0027 seconds
2023-11-15 18:30:31,671 INFO: Skipped 33 package(s) because they already exist.
2023-11-15 18:30:31,672 INFO: Additional local package is already existing at target.
2023-11-15 18:30:31,674 INFO: Unpacked 0 package(s) in 0.0021 seconds
2023-11-15 18:30:31,674 INFO: Skipped 34 package(s) because they already exist.
2023-11-15 18:30:31,679 INFO: Created database(s) for 0 package(s) in 0.0045 seconds
2023-11-15 18:30:31,679 INFO: Skipped 34 package(s) because database(s) already exist.
2023-11-15 18:30:31,685 INFO: Applied queries for 0 package(s) in 0.0059 seconds
2023-11-15 18:30:31,685 INFO: Skipped 34 package(s) because result file(s) already exist.
2023-11-15 18:30:31,736 INFO: Saved result file of comparison of CodeQL sarif files to packages\rpc-websocket\result_rpc-websocket.txt
2023-11-16 20:26:37,188 INFO: Downloaded 0 package(s) in 0.0054 seconds
2023-11-16 20:26:37,189 INFO: Skipped 33 package(s) because they already exist.
2023-11-16 20:26:37,189 INFO: Additional local package is already existing at target.
2023-11-16 20:26:37,193 INFO: Unpacked 0 package(s) in 0.0038 seconds
2023-11-16 20:26:37,193 INFO: Skipped 34 package(s) because they already exist.
2023-11-16 20:26:37,197 INFO: Created database(s) for 0 package(s) in 0.0045 seconds
2023-11-16 20:26:37,197 INFO: Skipped 34 package(s) because database(s) already exist.
2023-11-16 20:26:37,203 INFO: Applied queries for 0 package(s) in 0.0048 seconds
2023-11-16 20:26:37,203 INFO: Skipped 34 package(s) because result file(s) already exist.
2023-11-16 20:26:37,241 INFO: Saved result file of comparison of CodeQL sarif files to packages\rpc-websocket\result_rpc-websocket.txt
2023-11-16 22:26:12,259 INFO: Downloaded 0 package(s) in 0.0026 seconds
2023-11-16 22:26:12,259 INFO: Skipped 33 package(s) because they already exist.
2023-11-16 22:26:12,259 INFO: Additional local package is already existing at target.
2023-11-16 22:26:12,262 INFO: Unpacked 0 package(s) in 0.0020 seconds
2023-11-16 22:26:12,262 INFO: Skipped 34 package(s) because they already exist.
2023-11-16 22:26:12,267 INFO: Created database(s) for 0 package(s) in 0.0055 seconds
2023-11-16 22:26:12,267 INFO: Skipped 34 package(s) because database(s) already exist.
2023-11-16 22:26:12,272 INFO: Applied queries for 0 package(s) in 0.0047 seconds
2023-11-16 22:26:12,272 INFO: Skipped 34 package(s) because result file(s) already exist.
2023-11-16 22:26:12,311 INFO: Saved result file of comparison of CodeQL sarif files to packages\rpc-websocket\result_rpc-websocket.txt
2023-11-16 22:30:16,458 INFO: Downloaded 0 package(s) in 0.0027 seconds
2023-11-16 22:30:16,458 INFO: Skipped 33 package(s) because they already exist.
2023-11-16 22:30:16,458 INFO: Additional local package is already existing at target.
2023-11-16 22:30:16,461 INFO: Unpacked 0 package(s) in 0.0021 seconds
2023-11-16 22:30:16,461 INFO: Skipped 34 package(s) because they already exist.
2023-11-16 22:30:16,466 INFO: Created database(s) for 0 package(s) in 0.0052 seconds
2023-11-16 22:30:16,467 INFO: Skipped 34 package(s) because database(s) already exist.
2023-11-16 22:30:16,471 INFO: Applied queries for 0 package(s) in 0.0044 seconds
2023-11-16 22:30:16,471 INFO: Skipped 34 package(s) because result file(s) already exist.
2023-11-16 22:30:16,510 INFO: Saved result file of comparison of CodeQL sarif files to packages\rpc-websocket\result_rpc-websocket.txt
