2023-11-12 11:49:23,141 INFO: Downloaded 70 package(s) in 41.7327 seconds
2023-11-12 11:49:23,164 INFO: Additional local package 'ua-parser-js-0.7.29.tgz' has been copied successfully.
2023-11-12 11:49:25,254 INFO: Unpacked 71 package(s) in 2.0886 seconds
2023-11-12 11:54:29,162 INFO: Created database(s) for 71 package(s) in 303.9073 seconds
2023-11-12 12:26:46,750 INFO: Applied queries for 71 package(s) in 1937.5876 seconds
2023-11-12 12:26:46,835 INFO: Saved result file of comparison of CodeQL sarif files to packages\ua-parser-js\result_ua-parser-js.txt
2023-11-15 11:04:14,252 INFO: Downloaded 0 package(s) in 0.0342 seconds
2023-11-15 11:04:14,252 INFO: Skipped 70 package(s) because they already exist.
2023-11-15 11:04:14,253 INFO: Additional local package is already existing at target.
2023-11-15 11:04:14,259 INFO: Unpacked 0 package(s) in 0.0053 seconds
2023-11-15 11:04:14,259 INFO: Skipped 71 package(s) because they already exist.
2023-11-15 11:04:14,269 INFO: Created database(s) for 0 package(s) in 0.0103 seconds
2023-11-15 11:04:14,269 INFO: Skipped 71 package(s) because database(s) already exist.
2023-11-15 11:04:14,282 INFO: Applied queries for 0 package(s) in 0.0121 seconds
2023-11-15 11:04:14,282 INFO: Skipped 71 package(s) because result file(s) already exist.
2023-11-15 11:04:14,688 INFO: Saved result file of comparison of CodeQL sarif files to packages\ua-parser-js\result_ua-parser-js.txt
2023-11-15 18:30:32,810 INFO: Downloaded 0 package(s) in 0.0307 seconds
2023-11-15 18:30:32,810 INFO: Skipped 70 package(s) because they already exist.
2023-11-15 18:30:32,810 INFO: Additional local package is already existing at target.
2023-11-15 18:30:32,816 INFO: Unpacked 0 package(s) in 0.0056 seconds
2023-11-15 18:30:32,816 INFO: Skipped 71 package(s) because they already exist.
2023-11-15 18:30:32,828 INFO: Created database(s) for 0 package(s) in 0.0112 seconds
2023-11-15 18:30:32,828 INFO: Skipped 71 package(s) because database(s) already exist.
2023-11-15 18:30:32,841 INFO: Applied queries for 0 package(s) in 0.0124 seconds
2023-11-15 18:30:32,841 INFO: Skipped 71 package(s) because result file(s) already exist.
2023-11-15 18:30:32,932 INFO: Saved result file of comparison of CodeQL sarif files to packages\ua-parser-js\result_ua-parser-js.txt
2023-11-16 20:26:38,373 INFO: Downloaded 0 package(s) in 0.0123 seconds
2023-11-16 20:26:38,373 INFO: Skipped 70 package(s) because they already exist.
2023-11-16 20:26:38,373 INFO: Additional local package is already existing at target.
2023-11-16 20:26:38,381 INFO: Unpacked 0 package(s) in 0.0073 seconds
2023-11-16 20:26:38,381 INFO: Skipped 71 package(s) because they already exist.
2023-11-16 20:26:38,392 INFO: Created database(s) for 0 package(s) in 0.0103 seconds
2023-11-16 20:26:38,392 INFO: Skipped 71 package(s) because database(s) already exist.
2023-11-16 20:26:38,402 INFO: Applied queries for 0 package(s) in 0.0104 seconds
2023-11-16 20:26:38,402 INFO: Skipped 71 package(s) because result file(s) already exist.
2023-11-16 20:26:38,468 INFO: Saved result file of comparison of CodeQL sarif files to packages\ua-parser-js\result_ua-parser-js.txt
2023-11-16 22:26:14,511 INFO: Downloaded 0 package(s) in 0.0078 seconds
2023-11-16 22:26:14,511 INFO: Skipped 70 package(s) because they already exist.
2023-11-16 22:26:14,511 INFO: Additional local package is already existing at target.
2023-11-16 22:26:14,517 INFO: Unpacked 0 package(s) in 0.0052 seconds
2023-11-16 22:26:14,517 INFO: Skipped 71 package(s) because they already exist.
2023-11-16 22:26:14,529 INFO: Created database(s) for 0 package(s) in 0.0110 seconds
2023-11-16 22:26:14,529 INFO: Skipped 71 package(s) because database(s) already exist.
2023-11-16 22:26:14,539 INFO: Applied queries for 0 package(s) in 0.0105 seconds
2023-11-16 22:26:14,539 INFO: Skipped 71 package(s) because result file(s) already exist.
2023-11-16 22:26:14,606 INFO: Saved result file of comparison of CodeQL sarif files to packages\ua-parser-js\result_ua-parser-js.txt
2023-11-16 22:30:17,509 INFO: Downloaded 0 package(s) in 0.0078 seconds
2023-11-16 22:30:17,509 INFO: Skipped 70 package(s) because they already exist.
2023-11-16 22:30:17,509 INFO: Additional local package is already existing at target.
2023-11-16 22:30:17,516 INFO: Unpacked 0 package(s) in 0.0053 seconds
2023-11-16 22:30:17,516 INFO: Skipped 71 package(s) because they already exist.
2023-11-16 22:30:17,527 INFO: Created database(s) for 0 package(s) in 0.0111 seconds
2023-11-16 22:30:17,527 INFO: Skipped 71 package(s) because database(s) already exist.
2023-11-16 22:30:17,537 INFO: Applied queries for 0 package(s) in 0.0104 seconds
2023-11-16 22:30:17,538 INFO: Skipped 71 package(s) because result file(s) already exist.
2023-11-16 22:30:17,604 INFO: Saved result file of comparison of CodeQL sarif files to packages\ua-parser-js\result_ua-parser-js.txt
