2023-11-13 13:39:04,529 INFO: Downloaded 1552 package(s) in 1798.6199 seconds
2023-11-13 13:39:29,952 ERROR: Unpacking for file "react-0.0.1.tgz" failed: Command '['7z', 'e', 'packages\\react\\tgz\\react-0.0.1.tgz', '-y', '-opackages\\react\\tgz\\react-0.0.1']' returned non-zero exit status 2.
2023-11-13 13:39:29,963 ERROR: Unpacking for file "react-0.0.2.tgz" failed: Command '['7z', 'e', 'packages\\react\\tgz\\react-0.0.2.tgz', '-y', '-opackages\\react\\tgz\\react-0.0.2']' returned non-zero exit status 2.
2023-11-13 13:39:29,974 ERROR: Unpacking for file "react-0.0.3.tgz" failed: Command '['7z', 'e', 'packages\\react\\tgz\\react-0.0.3.tgz', '-y', '-opackages\\react\\tgz\\react-0.0.3']' returned non-zero exit status 2.
2023-11-13 13:39:29,986 ERROR: Unpacking for file "react-0.1.2.tgz" failed: Command '['7z', 'e', 'packages\\react\\tgz\\react-0.1.2.tgz', '-y', '-opackages\\react\\tgz\\react-0.1.2']' returned non-zero exit status 2.
2023-11-13 13:39:34,192 ERROR: Unpacking for file "react-0.2.0.tgz" failed: Command '['7z', 'e', 'packages\\react\\tgz\\react-0.2.0.tgz', '-y', '-opackages\\react\\tgz\\react-0.2.0']' returned non-zero exit status 2.
2023-11-13 13:39:34,203 ERROR: Unpacking for file "react-0.2.1.tgz" failed: Command '['7z', 'e', 'packages\\react\\tgz\\react-0.2.1.tgz', '-y', '-opackages\\react\\tgz\\react-0.2.1']' returned non-zero exit status 2.
2023-11-13 13:39:34,215 ERROR: Unpacking for file "react-0.2.2.tgz" failed: Command '['7z', 'e', 'packages\\react\\tgz\\react-0.2.2.tgz', '-y', '-opackages\\react\\tgz\\react-0.2.2']' returned non-zero exit status 2.
2023-11-13 13:39:34,225 ERROR: Unpacking for file "react-0.2.3.tgz" failed: Command '['7z', 'e', 'packages\\react\\tgz\\react-0.2.3.tgz', '-y', '-opackages\\react\\tgz\\react-0.2.3']' returned non-zero exit status 2.
2023-11-13 13:39:34,237 ERROR: Unpacking for file "react-0.2.4.tgz" failed: Command '['7z', 'e', 'packages\\react\\tgz\\react-0.2.4.tgz', '-y', '-opackages\\react\\tgz\\react-0.2.4']' returned non-zero exit status 2.
2023-11-13 13:39:34,249 ERROR: Unpacking for file "react-0.2.5.tgz" failed: Command '['7z', 'e', 'packages\\react\\tgz\\react-0.2.5.tgz', '-y', '-opackages\\react\\tgz\\react-0.2.5']' returned non-zero exit status 2.
2023-11-13 13:39:34,260 ERROR: Unpacking for file "react-0.2.6.tgz" failed: Command '['7z', 'e', 'packages\\react\\tgz\\react-0.2.6.tgz', '-y', '-opackages\\react\\tgz\\react-0.2.6']' returned non-zero exit status 2.
2023-11-13 13:39:59,393 INFO: Unpacked 1541 package(s) in 54.8588 seconds
2023-11-13 15:44:47,693 INFO: Created database(s) for 1541 package(s) in 7488.2986 seconds
2023-11-14 03:55:28,397 INFO: Applied queries for 1541 package(s) in 43842.2751 seconds
2023-11-14 03:55:30,640 INFO: Saved result file of comparison of CodeQL sarif files to packages\react\result_react.txt
2023-11-15 11:06:54,045 INFO: Downloaded 4 package(s) in 4.5473 seconds
2023-11-15 11:06:54,047 INFO: Skipped 1552 package(s) because they already exist.
2023-11-15 11:06:54,284 ERROR: Unpacking for file "react-0.0.1.tgz" failed: Command '['7z', 'e', 'packages\\react\\tgz\\react-0.0.1.tgz', '-y', '-opackages\\react\\tgz\\react-0.0.1']' returned non-zero exit status 2.
2023-11-15 11:06:54,295 ERROR: Unpacking for file "react-0.0.2.tgz" failed: Command '['7z', 'e', 'packages\\react\\tgz\\react-0.0.2.tgz', '-y', '-opackages\\react\\tgz\\react-0.0.2']' returned non-zero exit status 2.
2023-11-15 11:06:54,308 ERROR: Unpacking for file "react-0.0.3.tgz" failed: Command '['7z', 'e', 'packages\\react\\tgz\\react-0.0.3.tgz', '-y', '-opackages\\react\\tgz\\react-0.0.3']' returned non-zero exit status 2.
2023-11-15 11:06:54,319 ERROR: Unpacking for file "react-0.1.2.tgz" failed: Command '['7z', 'e', 'packages\\react\\tgz\\react-0.1.2.tgz', '-y', '-opackages\\react\\tgz\\react-0.1.2']' returned non-zero exit status 2.
2023-11-15 11:06:54,334 ERROR: Unpacking for file "react-0.2.0.tgz" failed: Command '['7z', 'e', 'packages\\react\\tgz\\react-0.2.0.tgz', '-y', '-opackages\\react\\tgz\\react-0.2.0']' returned non-zero exit status 2.
2023-11-15 11:06:54,345 ERROR: Unpacking for file "react-0.2.1.tgz" failed: Command '['7z', 'e', 'packages\\react\\tgz\\react-0.2.1.tgz', '-y', '-opackages\\react\\tgz\\react-0.2.1']' returned non-zero exit status 2.
2023-11-15 11:06:54,358 ERROR: Unpacking for file "react-0.2.2.tgz" failed: Command '['7z', 'e', 'packages\\react\\tgz\\react-0.2.2.tgz', '-y', '-opackages\\react\\tgz\\react-0.2.2']' returned non-zero exit status 2.
2023-11-15 11:06:54,397 ERROR: Unpacking for file "react-0.2.3.tgz" failed: Command '['7z', 'e', 'packages\\react\\tgz\\react-0.2.3.tgz', '-y', '-opackages\\react\\tgz\\react-0.2.3']' returned non-zero exit status 2.
2023-11-15 11:06:54,435 ERROR: Unpacking for file "react-0.2.4.tgz" failed: Command '['7z', 'e', 'packages\\react\\tgz\\react-0.2.4.tgz', '-y', '-opackages\\react\\tgz\\react-0.2.4']' returned non-zero exit status 2.
2023-11-15 11:06:54,448 ERROR: Unpacking for file "react-0.2.5.tgz" failed: Command '['7z', 'e', 'packages\\react\\tgz\\react-0.2.5.tgz', '-y', '-opackages\\react\\tgz\\react-0.2.5']' returned non-zero exit status 2.
2023-11-15 11:06:54,461 ERROR: Unpacking for file "react-0.2.6.tgz" failed: Command '['7z', 'e', 'packages\\react\\tgz\\react-0.2.6.tgz', '-y', '-opackages\\react\\tgz\\react-0.2.6']' returned non-zero exit status 2.
2023-11-15 11:06:54,588 INFO: Unpacked 4 package(s) in 0.5369 seconds
2023-11-15 11:06:54,589 INFO: Skipped 1541 package(s) because they already exist.
2023-11-15 11:07:15,052 INFO: Created database(s) for 4 package(s) in 20.4639 seconds
2023-11-15 11:07:15,053 INFO: Skipped 1541 package(s) because database(s) already exist.
2023-11-15 11:09:06,610 INFO: Applied queries for 4 package(s) in 111.5562 seconds
2023-11-15 11:09:06,611 INFO: Skipped 1541 package(s) because result file(s) already exist.
2023-11-15 11:09:09,035 INFO: Saved result file of comparison of CodeQL sarif files to packages\react\result_react.txt
2023-11-15 18:32:56,709 INFO: Downloaded 2 package(s) in 0.5225 seconds
2023-11-15 18:32:56,711 INFO: Skipped 1556 package(s) because they already exist.
2023-11-15 18:32:56,936 ERROR: Unpacking for file "react-0.0.1.tgz" failed: Command '['7z', 'e', 'packages\\react\\tgz\\react-0.0.1.tgz', '-y', '-opackages\\react\\tgz\\react-0.0.1']' returned non-zero exit status 2.
2023-11-15 18:32:56,948 ERROR: Unpacking for file "react-0.0.2.tgz" failed: Command '['7z', 'e', 'packages\\react\\tgz\\react-0.0.2.tgz', '-y', '-opackages\\react\\tgz\\react-0.0.2']' returned non-zero exit status 2.
2023-11-15 18:32:56,959 ERROR: Unpacking for file "react-0.0.3.tgz" failed: Command '['7z', 'e', 'packages\\react\\tgz\\react-0.0.3.tgz', '-y', '-opackages\\react\\tgz\\react-0.0.3']' returned non-zero exit status 2.
2023-11-15 18:32:56,972 ERROR: Unpacking for file "react-0.1.2.tgz" failed: Command '['7z', 'e', 'packages\\react\\tgz\\react-0.1.2.tgz', '-y', '-opackages\\react\\tgz\\react-0.1.2']' returned non-zero exit status 2.
2023-11-15 18:32:56,990 ERROR: Unpacking for file "react-0.2.0.tgz" failed: Command '['7z', 'e', 'packages\\react\\tgz\\react-0.2.0.tgz', '-y', '-opackages\\react\\tgz\\react-0.2.0']' returned non-zero exit status 2.
2023-11-15 18:32:57,003 ERROR: Unpacking for file "react-0.2.1.tgz" failed: Command '['7z', 'e', 'packages\\react\\tgz\\react-0.2.1.tgz', '-y', '-opackages\\react\\tgz\\react-0.2.1']' returned non-zero exit status 2.
2023-11-15 18:32:57,016 ERROR: Unpacking for file "react-0.2.2.tgz" failed: Command '['7z', 'e', 'packages\\react\\tgz\\react-0.2.2.tgz', '-y', '-opackages\\react\\tgz\\react-0.2.2']' returned non-zero exit status 2.
2023-11-15 18:32:57,030 ERROR: Unpacking for file "react-0.2.3.tgz" failed: Command '['7z', 'e', 'packages\\react\\tgz\\react-0.2.3.tgz', '-y', '-opackages\\react\\tgz\\react-0.2.3']' returned non-zero exit status 2.
2023-11-15 18:32:57,042 ERROR: Unpacking for file "react-0.2.4.tgz" failed: Command '['7z', 'e', 'packages\\react\\tgz\\react-0.2.4.tgz', '-y', '-opackages\\react\\tgz\\react-0.2.4']' returned non-zero exit status 2.
2023-11-15 18:32:57,056 ERROR: Unpacking for file "react-0.2.5.tgz" failed: Command '['7z', 'e', 'packages\\react\\tgz\\react-0.2.5.tgz', '-y', '-opackages\\react\\tgz\\react-0.2.5']' returned non-zero exit status 2.
2023-11-15 18:32:57,070 ERROR: Unpacking for file "react-0.2.6.tgz" failed: Command '['7z', 'e', 'packages\\react\\tgz\\react-0.2.6.tgz', '-y', '-opackages\\react\\tgz\\react-0.2.6']' returned non-zero exit status 2.
2023-11-15 18:32:57,186 INFO: Unpacked 2 package(s) in 0.4713 seconds
2023-11-15 18:32:57,186 INFO: Skipped 1545 package(s) because they already exist.
2023-11-15 18:33:07,766 INFO: Created database(s) for 2 package(s) in 10.5792 seconds
2023-11-15 18:33:07,784 INFO: Skipped 1545 package(s) because database(s) already exist.
2023-11-15 18:34:05,563 INFO: Applied queries for 2 package(s) in 57.7783 seconds
2023-11-15 18:34:05,563 INFO: Skipped 1545 package(s) because result file(s) already exist.
2023-11-15 18:34:08,648 INFO: Saved result file of comparison of CodeQL sarif files to packages\react\result_react.txt
