2023-11-12 19:56:07,916 INFO: Downloaded 42 package(s) in 12.9951 seconds
2023-11-12 19:56:09,093 INFO: Unpacked 42 package(s) in 1.1756 seconds
2023-11-12 19:59:13,766 INFO: Created database(s) for 42 package(s) in 184.6724 seconds
2023-11-12 20:18:12,006 INFO: Applied queries for 42 package(s) in 1138.2388 seconds
2023-11-12 20:18:12,055 INFO: Saved result file of comparison of CodeQL sarif files to packages\tslib\result_tslib.txt
2023-11-15 11:04:24,003 INFO: Downloaded 0 package(s) in 0.0059 seconds
2023-11-15 11:04:24,003 INFO: Skipped 42 package(s) because they already exist.
2023-11-15 11:04:24,006 INFO: Unpacked 0 package(s) in 0.0021 seconds
2023-11-15 11:04:24,006 INFO: Skipped 42 package(s) because they already exist.
2023-11-15 11:04:24,012 INFO: Created database(s) for 0 package(s) in 0.0059 seconds
2023-11-15 11:04:24,012 INFO: Skipped 42 package(s) because database(s) already exist.
2023-11-15 11:04:24,018 INFO: Applied queries for 0 package(s) in 0.0054 seconds
2023-11-15 11:04:24,018 INFO: Skipped 42 package(s) because result file(s) already exist.
2023-11-15 11:04:24,076 INFO: Saved result file of comparison of CodeQL sarif files to packages\tslib\result_tslib.txt
2023-11-15 18:30:40,200 INFO: Downloaded 0 package(s) in 0.0032 seconds
2023-11-15 18:30:40,200 INFO: Skipped 42 package(s) because they already exist.
2023-11-15 18:30:40,203 INFO: Unpacked 0 package(s) in 0.0023 seconds
2023-11-15 18:30:40,203 INFO: Skipped 42 package(s) because they already exist.
2023-11-15 18:30:40,209 INFO: Created database(s) for 0 package(s) in 0.0052 seconds
2023-11-15 18:30:40,209 INFO: Skipped 42 package(s) because database(s) already exist.
2023-11-15 18:30:40,215 INFO: Applied queries for 0 package(s) in 0.0059 seconds
2023-11-15 18:30:40,215 INFO: Skipped 42 package(s) because result file(s) already exist.
2023-11-15 18:30:40,268 INFO: Saved result file of comparison of CodeQL sarif files to packages\tslib\result_tslib.txt
