2023-11-11 18:48:38,942 INFO: Downloaded 92 package(s) in 56.5764 seconds
2023-11-11 18:48:43,473 INFO: Unpacked 92 package(s) in 4.5301 seconds
2023-11-11 18:55:50,991 INFO: Created database(s) for 92 package(s) in 427.5164 seconds
2023-11-11 19:38:14,641 INFO: Applied queries for 92 package(s) in 2543.6488 seconds
2023-11-11 19:38:14,776 INFO: Saved result file of comparison of CodeQL sarif files to packages\async\result_async.txt
2023-11-12 09:55:38,332 INFO: Downloaded 0 package(s) in 0.0161 seconds
2023-11-12 09:55:38,332 INFO: Skipped 92 package(s) because they already exist.
2023-11-12 09:55:38,349 INFO: Unpacked 0 package(s) in 0.0157 seconds
2023-11-12 09:55:38,349 INFO: Skipped 92 package(s) because they already exist.
2023-11-12 09:55:38,371 INFO: Created database(s) for 0 package(s) in 0.0219 seconds
2023-11-12 09:55:38,371 INFO: Skipped 92 package(s) because database(s) already exist.
2023-11-12 09:55:38,392 INFO: Applied queries for 0 package(s) in 0.0214 seconds
2023-11-12 09:55:38,392 INFO: Skipped 92 package(s) because result file(s) already exist.
2023-11-12 09:55:38,543 INFO: Saved result file of comparison of CodeQL sarif files to packages\async\result_async.txt
2023-11-15 11:03:28,602 INFO: Downloaded 0 package(s) in 0.0134 seconds
2023-11-15 11:03:28,603 INFO: Skipped 92 package(s) because they already exist.
2023-11-15 11:03:28,607 INFO: Unpacked 0 package(s) in 0.0038 seconds
2023-11-15 11:03:28,607 INFO: Skipped 92 package(s) because they already exist.
2023-11-15 11:03:28,617 INFO: Created database(s) for 0 package(s) in 0.0103 seconds
2023-11-15 11:03:28,618 INFO: Skipped 92 package(s) because database(s) already exist.
2023-11-15 11:03:28,632 INFO: Applied queries for 0 package(s) in 0.0149 seconds
2023-11-15 11:03:28,632 INFO: Skipped 92 package(s) because result file(s) already exist.
2023-11-15 11:03:28,781 INFO: Saved result file of comparison of CodeQL sarif files to packages\async\result_async.txt
2023-11-15 18:30:28,792 INFO: Downloaded 0 package(s) in 0.0072 seconds
2023-11-15 18:30:28,793 INFO: Skipped 92 package(s) because they already exist.
2023-11-15 18:30:28,797 INFO: Unpacked 0 package(s) in 0.0044 seconds
2023-11-15 18:30:28,798 INFO: Skipped 92 package(s) because they already exist.
2023-11-15 18:30:28,809 INFO: Created database(s) for 0 package(s) in 0.0113 seconds
2023-11-15 18:30:28,809 INFO: Skipped 92 package(s) because database(s) already exist.
2023-11-15 18:30:28,825 INFO: Applied queries for 0 package(s) in 0.0153 seconds
2023-11-15 18:30:28,825 INFO: Skipped 92 package(s) because result file(s) already exist.
2023-11-15 18:30:28,979 INFO: Saved result file of comparison of CodeQL sarif files to packages\async\result_async.txt
