2023-11-12 14:13:09,291 INFO: Downloaded 42 package(s) in 21.0839 seconds
2023-11-12 14:13:10,702 INFO: Unpacked 42 package(s) in 1.4104 seconds
2023-11-12 14:16:12,250 INFO: Created database(s) for 42 package(s) in 181.5477 seconds
2023-11-12 14:35:11,981 INFO: Applied queries for 42 package(s) in 1139.7305 seconds
2023-11-12 14:35:12,030 INFO: Saved result file of comparison of CodeQL sarif files to packages\mkdirp\result_mkdirp.txt
2023-11-15 11:04:21,138 INFO: Downloaded 0 package(s) in 0.0050 seconds
2023-11-15 11:04:21,138 INFO: Skipped 42 package(s) because they already exist.
2023-11-15 11:04:21,141 INFO: Unpacked 0 package(s) in 0.0025 seconds
2023-11-15 11:04:21,141 INFO: Skipped 42 package(s) because they already exist.
2023-11-15 11:04:21,147 INFO: Created database(s) for 0 package(s) in 0.0059 seconds
2023-11-15 11:04:21,147 INFO: Skipped 42 package(s) because database(s) already exist.
2023-11-15 11:04:21,156 INFO: Applied queries for 0 package(s) in 0.0085 seconds
2023-11-15 11:04:21,156 INFO: Skipped 42 package(s) because result file(s) already exist.
2023-11-15 11:04:21,221 INFO: Saved result file of comparison of CodeQL sarif files to packages\mkdirp\result_mkdirp.txt
2023-11-15 18:30:37,152 INFO: Downloaded 0 package(s) in 0.0033 seconds
2023-11-15 18:30:37,152 INFO: Skipped 42 package(s) because they already exist.
2023-11-15 18:30:37,154 INFO: Unpacked 0 package(s) in 0.0022 seconds
2023-11-15 18:30:37,154 INFO: Skipped 42 package(s) because they already exist.
2023-11-15 18:30:37,160 INFO: Created database(s) for 0 package(s) in 0.0054 seconds
2023-11-15 18:30:37,160 INFO: Skipped 42 package(s) because database(s) already exist.
2023-11-15 18:30:37,167 INFO: Applied queries for 0 package(s) in 0.0070 seconds
2023-11-15 18:30:37,167 INFO: Skipped 42 package(s) because result file(s) already exist.
2023-11-15 18:30:37,220 INFO: Saved result file of comparison of CodeQL sarif files to packages\mkdirp\result_mkdirp.txt
