2023-11-13 03:47:20,259 INFO: Downloaded 827 package(s) in 920.4641 seconds
2023-11-13 03:50:22,173 INFO: Unpacked 827 package(s) in 181.9089 seconds
2023-11-13 05:39:16,841 INFO: Created database(s) for 827 package(s) in 6534.6659 seconds
2023-11-13 08:47:56,836 INFO: Could not run CodeQL queries for "webpack-1.8.3_ql-db": Command '['codeql', 'database', 'analyze', 'packages\\webpack\\databases\\webpack-1.8.3_ql-db', '--format=sarifv2.1.0', '--output=packages\\webpack\\codeql_results_sarif\\webpack-1.8.3_ql-db.sarif', '--threads=0', '--no-rerun', 'C:\\Users\\Fabian\\Documents\\Master Studium\\Masterarbeit\\tools\\CodeQL\\queries\\thesis-cvc-npm-malware-queries']' returned non-zero exit status 99.
2023-11-13 08:47:56,836 WARNING: The file: webpack-1.8.3_ql-db will be skipped, because the queries could not be executed.Package version present in packages allowed to skip list.
2023-11-13 13:08:57,274 INFO: Applied queries for 826 package(s) in 26980.4322 seconds
2023-11-13 13:09:05,577 INFO: Saved result file of comparison of CodeQL sarif files to packages\webpack\result_webpack.txt
2023-11-15 11:04:28,627 INFO: Downloaded 0 package(s) in 0.1285 seconds
2023-11-15 11:04:28,627 INFO: Skipped 827 package(s) because they already exist.
2023-11-15 11:04:28,674 INFO: Unpacked 0 package(s) in 0.0412 seconds
2023-11-15 11:04:28,674 INFO: Skipped 827 package(s) because they already exist.
2023-11-15 11:04:28,760 INFO: Created database(s) for 0 package(s) in 0.0851 seconds
2023-11-15 11:04:28,760 INFO: Skipped 827 package(s) because database(s) already exist.
2023-11-15 11:06:39,666 INFO: Could not run CodeQL queries for "webpack-1.8.3_ql-db": Command '['codeql', 'database', 'analyze', 'packages\\webpack\\databases\\webpack-1.8.3_ql-db', '--format=sarifv2.1.0', '--output=packages\\webpack\\codeql_results_sarif\\webpack-1.8.3_ql-db.sarif', '--threads=0', '--no-rerun', 'C:\\Users\\Fabian\\Documents\\Master Studium\\Masterarbeit\\tools\\CodeQL\\queries\\thesis-cvc-npm-malware-queries']' returned non-zero exit status 99.
2023-11-15 11:06:39,667 WARNING: The file: webpack-1.8.3_ql-db will be skipped, because the queries could not be executed.Package version present in packages allowed to skip list.
2023-11-15 11:06:39,928 INFO: Applied queries for 0 package(s) in 131.1682 seconds
2023-11-15 11:06:39,928 INFO: Skipped 826 package(s) because result file(s) already exist.
2023-11-15 11:06:49,256 INFO: Saved result file of comparison of CodeQL sarif files to packages\webpack\result_webpack.txt
2023-11-15 18:30:44,659 INFO: Downloaded 0 package(s) in 0.1301 seconds
2023-11-15 18:30:44,659 INFO: Skipped 827 package(s) because they already exist.
2023-11-15 18:30:44,709 INFO: Unpacked 0 package(s) in 0.0454 seconds
2023-11-15 18:30:44,709 INFO: Skipped 827 package(s) because they already exist.
2023-11-15 18:30:44,817 INFO: Created database(s) for 0 package(s) in 0.1078 seconds
2023-11-15 18:30:44,817 INFO: Skipped 827 package(s) because database(s) already exist.
2023-11-15 18:32:45,181 INFO: Could not run CodeQL queries for "webpack-1.8.3_ql-db": Command '['codeql', 'database', 'analyze', 'packages\\webpack\\databases\\webpack-1.8.3_ql-db', '--format=sarifv2.1.0', '--output=packages\\webpack\\codeql_results_sarif\\webpack-1.8.3_ql-db.sarif', '--threads=0', '--no-rerun', 'C:\\Users\\Fabian\\Documents\\Master Studium\\Masterarbeit\\tools\\CodeQL\\queries\\thesis-cvc-npm-malware-queries']' returned non-zero exit status 99.
2023-11-15 18:32:45,181 WARNING: The file: webpack-1.8.3_ql-db will be skipped, because the queries could not be executed.Package version present in packages allowed to skip list.
2023-11-15 18:32:45,313 INFO: Applied queries for 0 package(s) in 120.4951 seconds
2023-11-15 18:32:45,313 INFO: Skipped 826 package(s) because result file(s) already exist.
2023-11-15 18:32:55,986 INFO: Saved result file of comparison of CodeQL sarif files to packages\webpack\result_webpack.txt
