2023-11-12 21:14:29,800 INFO: Downloaded 126 package(s) in 89.2003 seconds
2023-11-12 21:14:33,672 ERROR: Unpacking for file "request-2.9.0.tgz" failed: Command '['7z', 'e', 'packages\\request\\tgz\\request-2.9.0.tgz', '-y', '-opackages\\request\\tgz\\request-2.9.0']' returned non-zero exit status 2.
2023-11-12 21:14:33,684 ERROR: Unpacking for file "request-2.9.1.tgz" failed: Command '['7z', 'e', 'packages\\request\\tgz\\request-2.9.1.tgz', '-y', '-opackages\\request\\tgz\\request-2.9.1']' returned non-zero exit status 2.
2023-11-12 21:14:33,878 ERROR: Unpacking for file "request-2.9.2.tgz" failed: Command '['7z', 'e', 'packages\\request\\tgz\\request-2.9.2.tgz', '-y', '-opackages\\request\\tgz\\request-2.9.2']' returned non-zero exit status 2.
2023-11-12 21:14:34,057 ERROR: Unpacking for file "request-2.9.3.tgz" failed: Command '['7z', 'e', 'packages\\request\\tgz\\request-2.9.3.tgz', '-y', '-opackages\\request\\tgz\\request-2.9.3']' returned non-zero exit status 2.
2023-11-12 21:14:34,057 INFO: Unpacked 122 package(s) in 4.2545 seconds
2023-11-12 21:23:19,291 INFO: Created database(s) for 122 package(s) in 525.2333 seconds
2023-11-12 22:19:18,758 INFO: Applied queries for 122 package(s) in 3359.4668 seconds
2023-11-12 22:19:18,909 INFO: Saved result file of comparison of CodeQL sarif files to packages\request\result_request.txt
2023-11-15 11:04:24,947 INFO: Downloaded 0 package(s) in 0.0133 seconds
2023-11-15 11:04:24,948 INFO: Skipped 126 package(s) because they already exist.
2023-11-15 11:04:24,969 ERROR: Unpacking for file "request-2.9.0.tgz" failed: Command '['7z', 'e', 'packages\\request\\tgz\\request-2.9.0.tgz', '-y', '-opackages\\request\\tgz\\request-2.9.0']' returned non-zero exit status 2.
2023-11-15 11:04:24,981 ERROR: Unpacking for file "request-2.9.1.tgz" failed: Command '['7z', 'e', 'packages\\request\\tgz\\request-2.9.1.tgz', '-y', '-opackages\\request\\tgz\\request-2.9.1']' returned non-zero exit status 2.
2023-11-15 11:04:24,995 ERROR: Unpacking for file "request-2.9.2.tgz" failed: Command '['7z', 'e', 'packages\\request\\tgz\\request-2.9.2.tgz', '-y', '-opackages\\request\\tgz\\request-2.9.2']' returned non-zero exit status 2.
2023-11-15 11:04:25,007 ERROR: Unpacking for file "request-2.9.3.tgz" failed: Command '['7z', 'e', 'packages\\request\\tgz\\request-2.9.3.tgz', '-y', '-opackages\\request\\tgz\\request-2.9.3']' returned non-zero exit status 2.
2023-11-15 11:04:25,007 INFO: Unpacked 0 package(s) in 0.0597 seconds
2023-11-15 11:04:25,007 INFO: Skipped 122 package(s) because they already exist.
2023-11-15 11:04:25,022 INFO: Created database(s) for 0 package(s) in 0.0143 seconds
2023-11-15 11:04:25,022 INFO: Skipped 122 package(s) because database(s) already exist.
2023-11-15 11:04:25,042 INFO: Applied queries for 0 package(s) in 0.0193 seconds
2023-11-15 11:04:25,042 INFO: Skipped 122 package(s) because result file(s) already exist.
2023-11-15 11:04:25,245 INFO: Saved result file of comparison of CodeQL sarif files to packages\request\result_request.txt
2023-11-15 18:30:41,182 INFO: Downloaded 0 package(s) in 0.0105 seconds
2023-11-15 18:30:41,182 INFO: Skipped 126 package(s) because they already exist.
2023-11-15 18:30:41,204 ERROR: Unpacking for file "request-2.9.0.tgz" failed: Command '['7z', 'e', 'packages\\request\\tgz\\request-2.9.0.tgz', '-y', '-opackages\\request\\tgz\\request-2.9.0']' returned non-zero exit status 2.
2023-11-15 18:30:41,217 ERROR: Unpacking for file "request-2.9.1.tgz" failed: Command '['7z', 'e', 'packages\\request\\tgz\\request-2.9.1.tgz', '-y', '-opackages\\request\\tgz\\request-2.9.1']' returned non-zero exit status 2.
2023-11-15 18:30:41,231 ERROR: Unpacking for file "request-2.9.2.tgz" failed: Command '['7z', 'e', 'packages\\request\\tgz\\request-2.9.2.tgz', '-y', '-opackages\\request\\tgz\\request-2.9.2']' returned non-zero exit status 2.
2023-11-15 18:30:41,246 ERROR: Unpacking for file "request-2.9.3.tgz" failed: Command '['7z', 'e', 'packages\\request\\tgz\\request-2.9.3.tgz', '-y', '-opackages\\request\\tgz\\request-2.9.3']' returned non-zero exit status 2.
2023-11-15 18:30:41,248 INFO: Unpacked 0 package(s) in 0.0651 seconds
2023-11-15 18:30:41,248 INFO: Skipped 122 package(s) because they already exist.
2023-11-15 18:30:41,267 INFO: Created database(s) for 0 package(s) in 0.0181 seconds
2023-11-15 18:30:41,267 INFO: Skipped 122 package(s) because database(s) already exist.
2023-11-15 18:30:41,288 INFO: Applied queries for 0 package(s) in 0.0208 seconds
2023-11-15 18:30:41,288 INFO: Skipped 122 package(s) because result file(s) already exist.
2023-11-15 18:30:41,470 INFO: Saved result file of comparison of CodeQL sarif files to packages\request\result_request.txt
2023-11-16 20:26:45,768 INFO: Downloaded 0 package(s) in 0.0152 seconds
2023-11-16 20:26:45,769 INFO: Skipped 126 package(s) because they already exist.
2023-11-16 20:26:45,794 ERROR: Unpacking for file "request-2.9.0.tgz" failed: Command '['7z', 'e', 'packages\\request\\tgz\\request-2.9.0.tgz', '-y', '-opackages\\request\\tgz\\request-2.9.0']' returned non-zero exit status 2.
2023-11-16 20:26:45,806 ERROR: Unpacking for file "request-2.9.1.tgz" failed: Command '['7z', 'e', 'packages\\request\\tgz\\request-2.9.1.tgz', '-y', '-opackages\\request\\tgz\\request-2.9.1']' returned non-zero exit status 2.
2023-11-16 20:26:45,819 ERROR: Unpacking for file "request-2.9.2.tgz" failed: Command '['7z', 'e', 'packages\\request\\tgz\\request-2.9.2.tgz', '-y', '-opackages\\request\\tgz\\request-2.9.2']' returned non-zero exit status 2.
2023-11-16 20:26:45,831 ERROR: Unpacking for file "request-2.9.3.tgz" failed: Command '['7z', 'e', 'packages\\request\\tgz\\request-2.9.3.tgz', '-y', '-opackages\\request\\tgz\\request-2.9.3']' returned non-zero exit status 2.
2023-11-16 20:26:45,831 INFO: Unpacked 0 package(s) in 0.0619 seconds
2023-11-16 20:26:45,831 INFO: Skipped 122 package(s) because they already exist.
2023-11-16 20:26:45,851 INFO: Created database(s) for 0 package(s) in 0.0202 seconds
2023-11-16 20:26:45,851 INFO: Skipped 122 package(s) because database(s) already exist.
2023-11-16 20:26:45,868 INFO: Applied queries for 0 package(s) in 0.0162 seconds
2023-11-16 20:26:45,868 INFO: Skipped 122 package(s) because result file(s) already exist.
2023-11-16 20:26:46,004 INFO: Saved result file of comparison of CodeQL sarif files to packages\request\result_request.txt
2023-11-16 22:26:22,048 INFO: Downloaded 0 package(s) in 0.0096 seconds
2023-11-16 22:26:22,048 INFO: Skipped 126 package(s) because they already exist.
2023-11-16 22:26:22,069 ERROR: Unpacking for file "request-2.9.0.tgz" failed: Command '['7z', 'e', 'packages\\request\\tgz\\request-2.9.0.tgz', '-y', '-opackages\\request\\tgz\\request-2.9.0']' returned non-zero exit status 2.
2023-11-16 22:26:22,081 ERROR: Unpacking for file "request-2.9.1.tgz" failed: Command '['7z', 'e', 'packages\\request\\tgz\\request-2.9.1.tgz', '-y', '-opackages\\request\\tgz\\request-2.9.1']' returned non-zero exit status 2.
2023-11-16 22:26:22,093 ERROR: Unpacking for file "request-2.9.2.tgz" failed: Command '['7z', 'e', 'packages\\request\\tgz\\request-2.9.2.tgz', '-y', '-opackages\\request\\tgz\\request-2.9.2']' returned non-zero exit status 2.
2023-11-16 22:26:22,105 ERROR: Unpacking for file "request-2.9.3.tgz" failed: Command '['7z', 'e', 'packages\\request\\tgz\\request-2.9.3.tgz', '-y', '-opackages\\request\\tgz\\request-2.9.3']' returned non-zero exit status 2.
2023-11-16 22:26:22,105 INFO: Unpacked 0 package(s) in 0.0566 seconds
2023-11-16 22:26:22,106 INFO: Skipped 122 package(s) because they already exist.
2023-11-16 22:26:22,121 INFO: Created database(s) for 0 package(s) in 0.0150 seconds
2023-11-16 22:26:22,121 INFO: Skipped 122 package(s) because database(s) already exist.
2023-11-16 22:26:22,139 INFO: Applied queries for 0 package(s) in 0.0176 seconds
2023-11-16 22:26:22,139 INFO: Skipped 122 package(s) because result file(s) already exist.
2023-11-16 22:26:22,275 INFO: Saved result file of comparison of CodeQL sarif files to packages\request\result_request.txt
2023-11-16 22:30:25,100 INFO: Downloaded 0 package(s) in 0.0102 seconds
2023-11-16 22:30:25,100 INFO: Skipped 126 package(s) because they already exist.
2023-11-16 22:30:25,122 ERROR: Unpacking for file "request-2.9.0.tgz" failed: Command '['7z', 'e', 'packages\\request\\tgz\\request-2.9.0.tgz', '-y', '-opackages\\request\\tgz\\request-2.9.0']' returned non-zero exit status 2.
2023-11-16 22:30:25,134 ERROR: Unpacking for file "request-2.9.1.tgz" failed: Command '['7z', 'e', 'packages\\request\\tgz\\request-2.9.1.tgz', '-y', '-opackages\\request\\tgz\\request-2.9.1']' returned non-zero exit status 2.
2023-11-16 22:30:25,146 ERROR: Unpacking for file "request-2.9.2.tgz" failed: Command '['7z', 'e', 'packages\\request\\tgz\\request-2.9.2.tgz', '-y', '-opackages\\request\\tgz\\request-2.9.2']' returned non-zero exit status 2.
2023-11-16 22:30:25,158 ERROR: Unpacking for file "request-2.9.3.tgz" failed: Command '['7z', 'e', 'packages\\request\\tgz\\request-2.9.3.tgz', '-y', '-opackages\\request\\tgz\\request-2.9.3']' returned non-zero exit status 2.
2023-11-16 22:30:25,158 INFO: Unpacked 0 package(s) in 0.0560 seconds
2023-11-16 22:30:25,158 INFO: Skipped 122 package(s) because they already exist.
2023-11-16 22:30:25,173 INFO: Created database(s) for 0 package(s) in 0.0149 seconds
2023-11-16 22:30:25,173 INFO: Skipped 122 package(s) because database(s) already exist.
2023-11-16 22:30:25,189 INFO: Applied queries for 0 package(s) in 0.0155 seconds
2023-11-16 22:30:25,189 INFO: Skipped 122 package(s) because result file(s) already exist.
2023-11-16 22:30:25,323 INFO: Saved result file of comparison of CodeQL sarif files to packages\request\result_request.txt
