2023-11-11 19:38:59,285 INFO: Downloaded 84 package(s) in 44.3464 seconds
2023-11-11 19:39:03,509 INFO: Unpacked 84 package(s) in 4.2222 seconds
2023-11-11 19:46:21,918 INFO: Created database(s) for 84 package(s) in 438.4085 seconds
2023-11-11 20:25:33,475 INFO: Applied queries for 84 package(s) in 2351.5552 seconds
2023-11-11 20:25:33,625 INFO: Saved result file of comparison of CodeQL sarif files to packages\axios\result_axios.txt
2023-11-12 09:55:38,704 INFO: Downloaded 0 package(s) in 0.0127 seconds
2023-11-12 09:55:38,704 INFO: Skipped 84 package(s) because they already exist.
2023-11-12 09:55:38,717 INFO: Unpacked 0 package(s) in 0.0120 seconds
2023-11-12 09:55:38,717 INFO: Skipped 84 package(s) because they already exist.
2023-11-12 09:55:38,733 INFO: Created database(s) for 0 package(s) in 0.0162 seconds
2023-11-12 09:55:38,733 INFO: Skipped 84 package(s) because database(s) already exist.
2023-11-12 09:55:38,754 INFO: Applied queries for 0 package(s) in 0.0209 seconds
2023-11-12 09:55:38,755 INFO: Skipped 84 package(s) because result file(s) already exist.
2023-11-12 09:55:38,923 INFO: Saved result file of comparison of CodeQL sarif files to packages\axios\result_axios.txt
2023-11-15 11:03:29,074 INFO: Downloaded 1 package(s) in 0.1302 seconds
2023-11-15 11:03:29,074 INFO: Skipped 84 package(s) because they already exist.
2023-11-15 11:03:29,155 INFO: Unpacked 1 package(s) in 0.0794 seconds
2023-11-15 11:03:29,155 INFO: Skipped 84 package(s) because they already exist.
2023-11-15 11:03:36,437 INFO: Created database(s) for 1 package(s) in 7.2824 seconds
2023-11-15 11:03:36,438 INFO: Skipped 84 package(s) because database(s) already exist.
2023-11-15 11:04:10,215 INFO: Applied queries for 1 package(s) in 33.7769 seconds
2023-11-15 11:04:10,216 INFO: Skipped 84 package(s) because result file(s) already exist.
2023-11-15 11:04:10,390 INFO: Saved result file of comparison of CodeQL sarif files to packages\axios\result_axios.txt
2023-11-15 18:30:29,127 INFO: Downloaded 0 package(s) in 0.0094 seconds
2023-11-15 18:30:29,127 INFO: Skipped 85 package(s) because they already exist.
2023-11-15 18:30:29,132 INFO: Unpacked 0 package(s) in 0.0040 seconds
2023-11-15 18:30:29,132 INFO: Skipped 85 package(s) because they already exist.
2023-11-15 18:30:29,142 INFO: Created database(s) for 0 package(s) in 0.0098 seconds
2023-11-15 18:30:29,142 INFO: Skipped 85 package(s) because database(s) already exist.
2023-11-15 18:30:29,155 INFO: Applied queries for 0 package(s) in 0.0133 seconds
2023-11-15 18:30:29,155 INFO: Skipped 85 package(s) because result file(s) already exist.
2023-11-15 18:30:29,575 INFO: Saved result file of comparison of CodeQL sarif files to packages\axios\result_axios.txt
2023-11-16 20:26:35,230 INFO: Downloaded 0 package(s) in 0.0138 seconds
2023-11-16 20:26:35,230 INFO: Skipped 85 package(s) because they already exist.
2023-11-16 20:26:35,238 INFO: Unpacked 0 package(s) in 0.0080 seconds
2023-11-16 20:26:35,238 INFO: Skipped 85 package(s) because they already exist.
2023-11-16 20:26:35,251 INFO: Created database(s) for 0 package(s) in 0.0115 seconds
2023-11-16 20:26:35,251 INFO: Skipped 85 package(s) because database(s) already exist.
2023-11-16 20:26:35,262 INFO: Applied queries for 0 package(s) in 0.0109 seconds
2023-11-16 20:26:35,262 INFO: Skipped 85 package(s) because result file(s) already exist.
2023-11-16 20:26:35,397 INFO: Saved result file of comparison of CodeQL sarif files to packages\axios\result_axios.txt
2023-11-16 22:26:10,786 INFO: Downloaded 0 package(s) in 0.0093 seconds
2023-11-16 22:26:10,786 INFO: Skipped 85 package(s) because they already exist.
2023-11-16 22:26:10,791 INFO: Unpacked 0 package(s) in 0.0045 seconds
2023-11-16 22:26:10,791 INFO: Skipped 85 package(s) because they already exist.
2023-11-16 22:26:10,803 INFO: Created database(s) for 0 package(s) in 0.0119 seconds
2023-11-16 22:26:10,803 INFO: Skipped 85 package(s) because database(s) already exist.
2023-11-16 22:26:10,814 INFO: Applied queries for 0 package(s) in 0.0113 seconds
2023-11-16 22:26:10,814 INFO: Skipped 85 package(s) because result file(s) already exist.
2023-11-16 22:26:10,950 INFO: Saved result file of comparison of CodeQL sarif files to packages\axios\result_axios.txt
2023-11-16 22:30:14,153 INFO: Downloaded 0 package(s) in 0.0091 seconds
2023-11-16 22:30:14,153 INFO: Skipped 85 package(s) because they already exist.
2023-11-16 22:30:14,158 INFO: Unpacked 0 package(s) in 0.0045 seconds
2023-11-16 22:30:14,159 INFO: Skipped 85 package(s) because they already exist.
2023-11-16 22:30:14,171 INFO: Created database(s) for 0 package(s) in 0.0116 seconds
2023-11-16 22:30:14,171 INFO: Skipped 85 package(s) because database(s) already exist.
2023-11-16 22:30:14,182 INFO: Applied queries for 0 package(s) in 0.0112 seconds
2023-11-16 22:30:14,183 INFO: Skipped 85 package(s) because result file(s) already exist.
2023-11-16 22:30:14,317 INFO: Saved result file of comparison of CodeQL sarif files to packages\axios\result_axios.txt
