2023-11-12 15:52:37,066 INFO: Downloaded 250 package(s) in 176.2973 seconds
2023-11-12 15:52:46,487 INFO: Unpacked 250 package(s) in 9.4188 seconds
2023-11-12 16:11:26,860 INFO: Created database(s) for 250 package(s) in 1120.3719 seconds
2023-11-12 18:07:07,733 INFO: Applied queries for 250 package(s) in 6940.8718 seconds
2023-11-12 18:07:08,047 INFO: Saved result file of comparison of CodeQL sarif files to packages\yargs\result_yargs.txt
2023-11-15 11:04:22,118 INFO: Downloaded 0 package(s) in 0.0232 seconds
2023-11-15 11:04:22,119 INFO: Skipped 250 package(s) because they already exist.
2023-11-15 11:04:22,133 INFO: Unpacked 0 package(s) in 0.0132 seconds
2023-11-15 11:04:22,133 INFO: Skipped 250 package(s) because they already exist.
2023-11-15 11:04:22,162 INFO: Created database(s) for 0 package(s) in 0.0293 seconds
2023-11-15 11:04:22,163 INFO: Skipped 250 package(s) because database(s) already exist.
2023-11-15 11:04:22,197 INFO: Applied queries for 0 package(s) in 0.0338 seconds
2023-11-15 11:04:22,197 INFO: Skipped 250 package(s) because result file(s) already exist.
2023-11-15 11:04:22,896 INFO: Saved result file of comparison of CodeQL sarif files to packages\yargs\result_yargs.txt
2023-11-15 18:30:37,836 INFO: Downloaded 0 package(s) in 0.0222 seconds
2023-11-15 18:30:37,837 INFO: Skipped 250 package(s) because they already exist.
2023-11-15 18:30:37,851 INFO: Unpacked 0 package(s) in 0.0132 seconds
2023-11-15 18:30:37,851 INFO: Skipped 250 package(s) because they already exist.
2023-11-15 18:30:37,883 INFO: Created database(s) for 0 package(s) in 0.0317 seconds
2023-11-15 18:30:37,883 INFO: Skipped 250 package(s) because database(s) already exist.
2023-11-15 18:30:37,918 INFO: Applied queries for 0 package(s) in 0.0351 seconds
2023-11-15 18:30:37,918 INFO: Skipped 250 package(s) because result file(s) already exist.
2023-11-15 18:30:38,351 INFO: Saved result file of comparison of CodeQL sarif files to packages\yargs\result_yargs.txt
2023-11-16 20:26:42,809 INFO: Downloaded 0 package(s) in 0.0263 seconds
2023-11-16 20:26:42,809 INFO: Skipped 250 package(s) because they already exist.
2023-11-16 20:26:42,824 INFO: Unpacked 0 package(s) in 0.0134 seconds
2023-11-16 20:26:42,824 INFO: Skipped 250 package(s) because they already exist.
2023-11-16 20:26:42,853 INFO: Created database(s) for 0 package(s) in 0.0296 seconds
2023-11-16 20:26:42,853 INFO: Skipped 250 package(s) because database(s) already exist.
2023-11-16 20:26:42,880 INFO: Applied queries for 0 package(s) in 0.0275 seconds
2023-11-16 20:26:42,880 INFO: Skipped 250 package(s) because result file(s) already exist.
2023-11-16 20:26:43,167 INFO: Saved result file of comparison of CodeQL sarif files to packages\yargs\result_yargs.txt
2023-11-16 22:26:19,135 INFO: Downloaded 0 package(s) in 0.0217 seconds
2023-11-16 22:26:19,135 INFO: Skipped 250 package(s) because they already exist.
2023-11-16 22:26:19,150 INFO: Unpacked 0 package(s) in 0.0133 seconds
2023-11-16 22:26:19,150 INFO: Skipped 250 package(s) because they already exist.
2023-11-16 22:26:19,179 INFO: Created database(s) for 0 package(s) in 0.0289 seconds
2023-11-16 22:26:19,179 INFO: Skipped 250 package(s) because database(s) already exist.
2023-11-16 22:26:19,207 INFO: Applied queries for 0 package(s) in 0.0274 seconds
2023-11-16 22:26:19,207 INFO: Skipped 250 package(s) because result file(s) already exist.
2023-11-16 22:26:19,495 INFO: Saved result file of comparison of CodeQL sarif files to packages\yargs\result_yargs.txt
2023-11-16 22:30:21,879 INFO: Downloaded 0 package(s) in 0.0210 seconds
2023-11-16 22:30:21,879 INFO: Skipped 250 package(s) because they already exist.
2023-11-16 22:30:21,893 INFO: Unpacked 0 package(s) in 0.0125 seconds
2023-11-16 22:30:21,893 INFO: Skipped 250 package(s) because they already exist.
2023-11-16 22:30:21,921 INFO: Created database(s) for 0 package(s) in 0.0282 seconds
2023-11-16 22:30:21,921 INFO: Skipped 250 package(s) because database(s) already exist.
2023-11-16 22:30:21,948 INFO: Applied queries for 0 package(s) in 0.0270 seconds
2023-11-16 22:30:21,948 INFO: Skipped 250 package(s) because result file(s) already exist.
2023-11-16 22:30:22,232 INFO: Saved result file of comparison of CodeQL sarif files to packages\yargs\result_yargs.txt
