2023-11-12 13:46:24,195 INFO: Downloaded 53 package(s) in 35.4448 seconds
2023-11-12 13:46:28,080 ERROR: Unpacking for file "underscore-1.2.2.tgz" failed: Command '['7z', 'e', 'packages\\underscore\\tgz\\underscore-1.2.2.tgz', '-y', '-opackages\\underscore\\tgz\\underscore-1.2.2']' returned non-zero exit status 2.
2023-11-12 13:46:28,091 ERROR: Unpacking for file "underscore-1.2.3.tgz" failed: Command '['7z', 'e', 'packages\\underscore\\tgz\\underscore-1.2.3.tgz', '-y', '-opackages\\underscore\\tgz\\underscore-1.2.3']' returned non-zero exit status 2.
2023-11-12 13:46:28,103 ERROR: Unpacking for file "underscore-1.2.4.tgz" failed: Command '['7z', 'e', 'packages\\underscore\\tgz\\underscore-1.2.4.tgz', '-y', '-opackages\\underscore\\tgz\\underscore-1.2.4']' returned non-zero exit status 2.
2023-11-12 13:46:28,115 ERROR: Unpacking for file "underscore-1.3.0.tgz" failed: Command '['7z', 'e', 'packages\\underscore\\tgz\\underscore-1.3.0.tgz', '-y', '-opackages\\underscore\\tgz\\underscore-1.3.0']' returned non-zero exit status 2.
2023-11-12 13:46:28,127 ERROR: Unpacking for file "underscore-1.3.1.tgz" failed: Command '['7z', 'e', 'packages\\underscore\\tgz\\underscore-1.3.1.tgz', '-y', '-opackages\\underscore\\tgz\\underscore-1.3.1']' returned non-zero exit status 2.
2023-11-12 13:46:28,604 INFO: Unpacked 48 package(s) in 4.4077 seconds
2023-11-12 13:50:28,801 INFO: Created database(s) for 48 package(s) in 240.1965 seconds
2023-11-12 14:12:48,009 INFO: Applied queries for 48 package(s) in 1339.2069 seconds
2023-11-12 14:12:48,062 INFO: Saved result file of comparison of CodeQL sarif files to packages\underscore\result_underscore.txt
2023-11-15 11:04:20,544 INFO: Downloaded 0 package(s) in 0.0067 seconds
2023-11-15 11:04:20,544 INFO: Skipped 53 package(s) because they already exist.
2023-11-15 11:04:20,561 ERROR: Unpacking for file "underscore-1.2.2.tgz" failed: Command '['7z', 'e', 'packages\\underscore\\tgz\\underscore-1.2.2.tgz', '-y', '-opackages\\underscore\\tgz\\underscore-1.2.2']' returned non-zero exit status 2.
2023-11-15 11:04:20,573 ERROR: Unpacking for file "underscore-1.2.3.tgz" failed: Command '['7z', 'e', 'packages\\underscore\\tgz\\underscore-1.2.3.tgz', '-y', '-opackages\\underscore\\tgz\\underscore-1.2.3']' returned non-zero exit status 2.
2023-11-15 11:04:20,587 ERROR: Unpacking for file "underscore-1.2.4.tgz" failed: Command '['7z', 'e', 'packages\\underscore\\tgz\\underscore-1.2.4.tgz', '-y', '-opackages\\underscore\\tgz\\underscore-1.2.4']' returned non-zero exit status 2.
2023-11-15 11:04:20,601 ERROR: Unpacking for file "underscore-1.3.0.tgz" failed: Command '['7z', 'e', 'packages\\underscore\\tgz\\underscore-1.3.0.tgz', '-y', '-opackages\\underscore\\tgz\\underscore-1.3.0']' returned non-zero exit status 2.
2023-11-15 11:04:20,615 ERROR: Unpacking for file "underscore-1.3.1.tgz" failed: Command '['7z', 'e', 'packages\\underscore\\tgz\\underscore-1.3.1.tgz', '-y', '-opackages\\underscore\\tgz\\underscore-1.3.1']' returned non-zero exit status 2.
2023-11-15 11:04:20,617 INFO: Unpacked 0 package(s) in 0.0715 seconds
2023-11-15 11:04:20,617 INFO: Skipped 48 package(s) because they already exist.
2023-11-15 11:04:20,623 INFO: Created database(s) for 0 package(s) in 0.0062 seconds
2023-11-15 11:04:20,623 INFO: Skipped 48 package(s) because database(s) already exist.
2023-11-15 11:04:20,632 INFO: Applied queries for 0 package(s) in 0.0086 seconds
2023-11-15 11:04:20,632 INFO: Skipped 48 package(s) because result file(s) already exist.
2023-11-15 11:04:21,021 INFO: Saved result file of comparison of CodeQL sarif files to packages\underscore\result_underscore.txt
2023-11-15 18:30:36,872 INFO: Downloaded 0 package(s) in 0.0047 seconds
2023-11-15 18:30:36,872 INFO: Skipped 53 package(s) because they already exist.
2023-11-15 18:30:36,887 ERROR: Unpacking for file "underscore-1.2.2.tgz" failed: Command '['7z', 'e', 'packages\\underscore\\tgz\\underscore-1.2.2.tgz', '-y', '-opackages\\underscore\\tgz\\underscore-1.2.2']' returned non-zero exit status 2.
2023-11-15 18:30:36,900 ERROR: Unpacking for file "underscore-1.2.3.tgz" failed: Command '['7z', 'e', 'packages\\underscore\\tgz\\underscore-1.2.3.tgz', '-y', '-opackages\\underscore\\tgz\\underscore-1.2.3']' returned non-zero exit status 2.
2023-11-15 18:30:36,913 ERROR: Unpacking for file "underscore-1.2.4.tgz" failed: Command '['7z', 'e', 'packages\\underscore\\tgz\\underscore-1.2.4.tgz', '-y', '-opackages\\underscore\\tgz\\underscore-1.2.4']' returned non-zero exit status 2.
2023-11-15 18:30:36,926 ERROR: Unpacking for file "underscore-1.3.0.tgz" failed: Command '['7z', 'e', 'packages\\underscore\\tgz\\underscore-1.3.0.tgz', '-y', '-opackages\\underscore\\tgz\\underscore-1.3.0']' returned non-zero exit status 2.
2023-11-15 18:30:36,939 ERROR: Unpacking for file "underscore-1.3.1.tgz" failed: Command '['7z', 'e', 'packages\\underscore\\tgz\\underscore-1.3.1.tgz', '-y', '-opackages\\underscore\\tgz\\underscore-1.3.1']' returned non-zero exit status 2.
2023-11-15 18:30:36,940 INFO: Unpacked 0 package(s) in 0.0673 seconds
2023-11-15 18:30:36,940 INFO: Skipped 48 package(s) because they already exist.
2023-11-15 18:30:36,946 INFO: Created database(s) for 0 package(s) in 0.0062 seconds
2023-11-15 18:30:36,946 INFO: Skipped 48 package(s) because database(s) already exist.
2023-11-15 18:30:36,954 INFO: Applied queries for 0 package(s) in 0.0073 seconds
2023-11-15 18:30:36,954 INFO: Skipped 48 package(s) because result file(s) already exist.
2023-11-15 18:30:37,013 INFO: Saved result file of comparison of CodeQL sarif files to packages\underscore\result_underscore.txt
